Started GET "/" for 127.0.0.1 at 2018-03-11 17:05:14 +0900
Processing by Rails::WelcomeController#index as HTML
  Rendering /Users/kazu/.rbenv/versions/2.5.0/lib/ruby/gems/2.5.0/gems/railties-5.1.5/lib/rails/templates/rails/welcome/index.html.erb
  Rendered /Users/kazu/.rbenv/versions/2.5.0/lib/ruby/gems/2.5.0/gems/railties-5.1.5/lib/rails/templates/rails/welcome/index.html.erb (6.7ms)
Completed 200 OK in 613ms (Views: 23.0ms)


Started GET "/" for 127.0.0.1 at 2018-03-11 17:07:52 +0900
  
Mysql2::Error (Access denied for user 'root'@'localhost' (using password: NO)):
  
mysql2 (0.4.10) lib/mysql2/client.rb:89:in `connect'
mysql2 (0.4.10) lib/mysql2/client.rb:89:in `initialize'
activerecord (5.1.5) lib/active_record/connection_adapters/mysql2_adapter.rb:21:in `new'
activerecord (5.1.5) lib/active_record/connection_adapters/mysql2_adapter.rb:21:in `mysql2_connection'
activerecord (5.1.5) lib/active_record/connection_adapters/abstract/connection_pool.rb:759:in `new_connection'
activerecord (5.1.5) lib/active_record/connection_adapters/abstract/connection_pool.rb:803:in `checkout_new_connection'
activerecord (5.1.5) lib/active_record/connection_adapters/abstract/connection_pool.rb:782:in `try_to_checkout_new_connection'
activerecord (5.1.5) lib/active_record/connection_adapters/abstract/connection_pool.rb:743:in `acquire_connection'
activerecord (5.1.5) lib/active_record/connection_adapters/abstract/connection_pool.rb:500:in `checkout'
activerecord (5.1.5) lib/active_record/connection_adapters/abstract/connection_pool.rb:374:in `connection'
activerecord (5.1.5) lib/active_record/connection_adapters/abstract/connection_pool.rb:931:in `retrieve_connection'
activerecord (5.1.5) lib/active_record/connection_handling.rb:116:in `retrieve_connection'
activerecord (5.1.5) lib/active_record/connection_handling.rb:88:in `connection'
activerecord (5.1.5) lib/active_record/migration.rb:562:in `connection'
activerecord (5.1.5) lib/active_record/migration.rb:553:in `call'
actionpack (5.1.5) lib/action_dispatch/middleware/callbacks.rb:26:in `block in call'
activesupport (5.1.5) lib/active_support/callbacks.rb:97:in `run_callbacks'
actionpack (5.1.5) lib/action_dispatch/middleware/callbacks.rb:24:in `call'
actionpack (5.1.5) lib/action_dispatch/middleware/executor.rb:12:in `call'
actionpack (5.1.5) lib/action_dispatch/middleware/debug_exceptions.rb:59:in `call'
web-console (3.5.1) lib/web_console/middleware.rb:135:in `call_app'
web-console (3.5.1) lib/web_console/middleware.rb:28:in `block in call'
web-console (3.5.1) lib/web_console/middleware.rb:18:in `catch'
web-console (3.5.1) lib/web_console/middleware.rb:18:in `call'
actionpack (5.1.5) lib/action_dispatch/middleware/show_exceptions.rb:31:in `call'
railties (5.1.5) lib/rails/rack/logger.rb:36:in `call_app'
railties (5.1.5) lib/rails/rack/logger.rb:24:in `block in call'
activesupport (5.1.5) lib/active_support/tagged_logging.rb:69:in `block in tagged'
activesupport (5.1.5) lib/active_support/tagged_logging.rb:26:in `tagged'
activesupport (5.1.5) lib/active_support/tagged_logging.rb:69:in `tagged'
railties (5.1.5) lib/rails/rack/logger.rb:24:in `call'
sprockets-rails (3.2.1) lib/sprockets/rails/quiet_assets.rb:13:in `call'
actionpack (5.1.5) lib/action_dispatch/middleware/remote_ip.rb:79:in `call'
actionpack (5.1.5) lib/action_dispatch/middleware/request_id.rb:25:in `call'
rack (2.0.4) lib/rack/method_override.rb:22:in `call'
rack (2.0.4) lib/rack/runtime.rb:22:in `call'
activesupport (5.1.5) lib/active_support/cache/strategy/local_cache_middleware.rb:27:in `call'
actionpack (5.1.5) lib/action_dispatch/middleware/executor.rb:12:in `call'
actionpack (5.1.5) lib/action_dispatch/middleware/static.rb:125:in `call'
rack (2.0.4) lib/rack/sendfile.rb:111:in `call'
railties (5.1.5) lib/rails/engine.rb:522:in `call'
puma (3.11.3) lib/puma/configuration.rb:225:in `call'
puma (3.11.3) lib/puma/server.rb:624:in `handle_request'
puma (3.11.3) lib/puma/server.rb:438:in `process_client'
puma (3.11.3) lib/puma/server.rb:302:in `block in run'
puma (3.11.3) lib/puma/thread_pool.rb:120:in `block in spawn_thread'
Started GET "/" for 127.0.0.1 at 2018-03-11 17:47:08 +0900
  
ActiveRecord::NoDatabaseError (Unknown database 'kamiyan_development'):
  
activerecord (5.1.5) lib/active_record/connection_adapters/mysql2_adapter.rb:25:in `rescue in mysql2_connection'
activerecord (5.1.5) lib/active_record/connection_adapters/mysql2_adapter.rb:11:in `mysql2_connection'
activerecord (5.1.5) lib/active_record/connection_adapters/abstract/connection_pool.rb:759:in `new_connection'
activerecord (5.1.5) lib/active_record/connection_adapters/abstract/connection_pool.rb:803:in `checkout_new_connection'
activerecord (5.1.5) lib/active_record/connection_adapters/abstract/connection_pool.rb:782:in `try_to_checkout_new_connection'
activerecord (5.1.5) lib/active_record/connection_adapters/abstract/connection_pool.rb:743:in `acquire_connection'
activerecord (5.1.5) lib/active_record/connection_adapters/abstract/connection_pool.rb:500:in `checkout'
activerecord (5.1.5) lib/active_record/connection_adapters/abstract/connection_pool.rb:374:in `connection'
activerecord (5.1.5) lib/active_record/connection_adapters/abstract/connection_pool.rb:931:in `retrieve_connection'
activerecord (5.1.5) lib/active_record/connection_handling.rb:116:in `retrieve_connection'
activerecord (5.1.5) lib/active_record/connection_handling.rb:88:in `connection'
activerecord (5.1.5) lib/active_record/migration.rb:562:in `connection'
activerecord (5.1.5) lib/active_record/migration.rb:553:in `call'
actionpack (5.1.5) lib/action_dispatch/middleware/callbacks.rb:26:in `block in call'
activesupport (5.1.5) lib/active_support/callbacks.rb:97:in `run_callbacks'
actionpack (5.1.5) lib/action_dispatch/middleware/callbacks.rb:24:in `call'
actionpack (5.1.5) lib/action_dispatch/middleware/executor.rb:12:in `call'
actionpack (5.1.5) lib/action_dispatch/middleware/debug_exceptions.rb:59:in `call'
web-console (3.5.1) lib/web_console/middleware.rb:135:in `call_app'
web-console (3.5.1) lib/web_console/middleware.rb:28:in `block in call'
web-console (3.5.1) lib/web_console/middleware.rb:18:in `catch'
web-console (3.5.1) lib/web_console/middleware.rb:18:in `call'
actionpack (5.1.5) lib/action_dispatch/middleware/show_exceptions.rb:31:in `call'
railties (5.1.5) lib/rails/rack/logger.rb:36:in `call_app'
railties (5.1.5) lib/rails/rack/logger.rb:24:in `block in call'
activesupport (5.1.5) lib/active_support/tagged_logging.rb:69:in `block in tagged'
activesupport (5.1.5) lib/active_support/tagged_logging.rb:26:in `tagged'
activesupport (5.1.5) lib/active_support/tagged_logging.rb:69:in `tagged'
railties (5.1.5) lib/rails/rack/logger.rb:24:in `call'
sprockets-rails (3.2.1) lib/sprockets/rails/quiet_assets.rb:13:in `call'
actionpack (5.1.5) lib/action_dispatch/middleware/remote_ip.rb:79:in `call'
actionpack (5.1.5) lib/action_dispatch/middleware/request_id.rb:25:in `call'
rack (2.0.4) lib/rack/method_override.rb:22:in `call'
rack (2.0.4) lib/rack/runtime.rb:22:in `call'
activesupport (5.1.5) lib/active_support/cache/strategy/local_cache_middleware.rb:27:in `call'
actionpack (5.1.5) lib/action_dispatch/middleware/executor.rb:12:in `call'
actionpack (5.1.5) lib/action_dispatch/middleware/static.rb:125:in `call'
rack (2.0.4) lib/rack/sendfile.rb:111:in `call'
railties (5.1.5) lib/rails/engine.rb:522:in `call'
puma (3.11.3) lib/puma/configuration.rb:225:in `call'
puma (3.11.3) lib/puma/server.rb:624:in `handle_request'
puma (3.11.3) lib/puma/server.rb:438:in `process_client'
puma (3.11.3) lib/puma/server.rb:302:in `block in run'
puma (3.11.3) lib/puma/thread_pool.rb:120:in `block in spawn_thread'
  [1m[35m (0.6ms)[0m  [1m[35mSET NAMES utf8,  @@SESSION.sql_mode = CONCAT(CONCAT(@@sql_mode, ',STRICT_ALL_TABLES'), ',NO_AUTO_VALUE_ON_ZERO'),  @@SESSION.sql_auto_is_null = 0, @@SESSION.wait_timeout = 2147483[0m
  [1m[35m (38.9ms)[0m  [1m[35mCREATE TABLE `schema_migrations` (`version` varchar(255) NOT NULL PRIMARY KEY) ENGINE=InnoDB[0m
  [1m[35m (21.0ms)[0m  [1m[35mCREATE TABLE `ar_internal_metadata` (`key` varchar(255) NOT NULL PRIMARY KEY, `value` varchar(255), `created_at` datetime NOT NULL, `updated_at` datetime NOT NULL) ENGINE=InnoDB[0m
  [1m[35m (4.4ms)[0m  [1m[34mSELECT GET_LOCK('7953544708674691770', 0)[0m
  [1m[35m (3.0ms)[0m  [1m[34mSELECT `schema_migrations`.`version` FROM `schema_migrations` ORDER BY `schema_migrations`.`version` ASC[0m
Migrating to CreateUsers (20180311080727)
  [1m[35m (20.9ms)[0m  [1m[35mCREATE TABLE `users` (`id` bigint NOT NULL AUTO_INCREMENT PRIMARY KEY, `name` varchar(255), `email` varchar(255), `created_at` datetime NOT NULL, `updated_at` datetime NOT NULL) ENGINE=InnoDB[0m
  [1m[35m (0.3ms)[0m  [1m[35mBEGIN[0m
  [1m[35mSQL (3.5ms)[0m  [1m[32mINSERT INTO `schema_migrations` (`version`) VALUES ('20180311080727')[0m
  [1m[35m (3.4ms)[0m  [1m[35mCOMMIT[0m
  [1m[36mActiveRecord::InternalMetadata Load (0.5ms)[0m  [1m[34mSELECT  `ar_internal_metadata`.* FROM `ar_internal_metadata` WHERE `ar_internal_metadata`.`key` = 'environment' LIMIT 1[0m
  [1m[35m (0.2ms)[0m  [1m[35mBEGIN[0m
  [1m[35mSQL (0.3ms)[0m  [1m[32mINSERT INTO `ar_internal_metadata` (`key`, `value`, `created_at`, `updated_at`) VALUES ('environment', 'development', '2018-03-11 08:48:56', '2018-03-11 08:48:56')[0m
  [1m[35m (2.4ms)[0m  [1m[35mCOMMIT[0m
  [1m[35m (0.2ms)[0m  [1m[34mSELECT RELEASE_LOCK('7953544708674691770')[0m
  [1m[35m (0.2ms)[0m  [1m[34mSELECT `schema_migrations`.`version` FROM `schema_migrations` ORDER BY `schema_migrations`.`version` ASC[0m
  [1m[35m (0.6ms)[0m  [1m[35mSET NAMES utf8,  @@SESSION.sql_mode = CONCAT(CONCAT(@@sql_mode, ',STRICT_ALL_TABLES'), ',NO_AUTO_VALUE_ON_ZERO'),  @@SESSION.sql_auto_is_null = 0, @@SESSION.wait_timeout = 2147483[0m
  [1m[35m (0.4ms)[0m  [1m[34mSELECT GET_LOCK('7953544708674691770', 0)[0m
  [1m[35m (0.5ms)[0m  [1m[34mSELECT `schema_migrations`.`version` FROM `schema_migrations` ORDER BY `schema_migrations`.`version` ASC[0m
Migrating to AddSexToUsers (20180311085209)
  [1m[35m (52.4ms)[0m  [1m[35mALTER TABLE `users` ADD `sex` int[0m
  [1m[35m (0.2ms)[0m  [1m[35mBEGIN[0m
  [1m[35mSQL (0.3ms)[0m  [1m[32mINSERT INTO `schema_migrations` (`version`) VALUES ('20180311085209')[0m
  [1m[35m (3.5ms)[0m  [1m[35mCOMMIT[0m
  [1m[36mActiveRecord::InternalMetadata Load (0.3ms)[0m  [1m[34mSELECT  `ar_internal_metadata`.* FROM `ar_internal_metadata` WHERE `ar_internal_metadata`.`key` = 'environment' LIMIT 1[0m
  [1m[35m (0.2ms)[0m  [1m[35mBEGIN[0m
  [1m[35m (0.2ms)[0m  [1m[35mCOMMIT[0m
  [1m[35m (0.2ms)[0m  [1m[34mSELECT RELEASE_LOCK('7953544708674691770')[0m
  [1m[35m (0.3ms)[0m  [1m[34mSELECT `schema_migrations`.`version` FROM `schema_migrations` ORDER BY `schema_migrations`.`version` ASC[0m
Started GET "/" for 127.0.0.1 at 2018-03-11 17:56:02 +0900
  [1m[35m (0.7ms)[0m  [1m[35mSET NAMES utf8,  @@SESSION.sql_mode = CONCAT(CONCAT(@@sql_mode, ',STRICT_ALL_TABLES'), ',NO_AUTO_VALUE_ON_ZERO'),  @@SESSION.sql_auto_is_null = 0, @@SESSION.wait_timeout = 2147483[0m
  [1m[35m (0.6ms)[0m  [1m[34mSELECT `schema_migrations`.`version` FROM `schema_migrations` ORDER BY `schema_migrations`.`version` ASC[0m
Processing by Rails::WelcomeController#index as HTML
  Rendering /Users/kazu/.rbenv/versions/2.5.0/lib/ruby/gems/2.5.0/gems/railties-5.1.5/lib/rails/templates/rails/welcome/index.html.erb
  Rendered /Users/kazu/.rbenv/versions/2.5.0/lib/ruby/gems/2.5.0/gems/railties-5.1.5/lib/rails/templates/rails/welcome/index.html.erb (8.4ms)
Completed 200 OK in 39ms (Views: 24.3ms | ActiveRecord: 0.0ms)


Started GET "/users" for 127.0.0.1 at 2018-03-11 17:56:09 +0900
Processing by UsersController#index as HTML
  Rendering users/index.html.erb within layouts/application
  [1m[35m (1.2ms)[0m  [1m[35mSET NAMES utf8,  @@SESSION.sql_mode = CONCAT(CONCAT(@@sql_mode, ',STRICT_ALL_TABLES'), ',NO_AUTO_VALUE_ON_ZERO'),  @@SESSION.sql_auto_is_null = 0, @@SESSION.wait_timeout = 2147483[0m
  [1m[36mUser Load (0.3ms)[0m  [1m[34mSELECT `users`.* FROM `users`[0m
  Rendered users/index.html.erb within layouts/application (5.5ms)
Completed 200 OK in 1273ms (Views: 1257.9ms | ActiveRecord: 2.0ms)


Started GET "/users/new" for 127.0.0.1 at 2018-03-11 17:56:15 +0900
Processing by UsersController#new as HTML
  Rendering users/new.html.erb within layouts/application
  Rendered users/_form.html.erb (49.5ms)
  Rendered users/new.html.erb within layouts/application (54.1ms)
Completed 200 OK in 104ms (Views: 84.4ms | ActiveRecord: 4.3ms)


Started POST "/users" for 127.0.0.1 at 2018-03-11 17:56:18 +0900
Processing by UsersController#create as HTML
  Parameters: {"utf8"=>"✓", "authenticity_token"=>"NselKCPooDsztLkWJovwcG564FmGcuIshB3TS5iD9oMP0W6AJQGp+gK2JJy89XWlyEMVQcjNomWdrtKNx0cVfQ==", "user"=>{"name"=>"test", "email"=>"tset"}, "commit"=>"Create User"}
  [1m[35m (0.2ms)[0m  [1m[35mBEGIN[0m
  [1m[35mSQL (0.4ms)[0m  [1m[32mINSERT INTO `users` (`name`, `email`, `created_at`, `updated_at`) VALUES ('test', 'tset', '2018-03-11 08:56:18', '2018-03-11 08:56:18')[0m
  [1m[35m (2.5ms)[0m  [1m[35mCOMMIT[0m
Redirected to http://localhost:3000/users/1
Completed 302 Found in 8ms (ActiveRecord: 3.1ms)


Started GET "/users/1" for 127.0.0.1 at 2018-03-11 17:56:18 +0900
Processing by UsersController#show as HTML
  Parameters: {"id"=>"1"}
  [1m[36mUser Load (0.5ms)[0m  [1m[34mSELECT  `users`.* FROM `users` WHERE `users`.`id` = 1 LIMIT 1[0m
  Rendering users/show.html.erb within layouts/application
  Rendered users/show.html.erb within layouts/application (0.9ms)
Completed 200 OK in 29ms (Views: 16.9ms | ActiveRecord: 0.5ms)


Started GET "/users/new" for 127.0.0.1 at 2018-03-11 18:01:40 +0900
Processing by UsersController#new as HTML
  Rendering users/new.html.erb within layouts/application
  Rendered users/_form.html.erb (3.1ms)
  Rendered users/new.html.erb within layouts/application (5.5ms)
Completed 200 OK in 64ms (Views: 60.6ms | ActiveRecord: 0.0ms)


Started GET "/users/new" for 127.0.0.1 at 2018-03-11 18:02:00 +0900
Processing by UsersController#new as HTML
  Rendering users/new.html.erb within layouts/application
  Rendered users/_form.html.erb (2.4ms)
  Rendered users/new.html.erb within layouts/application (4.3ms)
Completed 200 OK in 65ms (Views: 62.8ms | ActiveRecord: 0.0ms)


Started POST "/users" for 127.0.0.1 at 2018-03-11 18:04:05 +0900
Processing by UsersController#create as HTML
  Parameters: {"utf8"=>"✓", "authenticity_token"=>"l8jXsEpjV2XibuYM4PPomjlIpc7DYPIizqqczS3LEf5xTLFsAwgypNzfdlxEysft/HUwF56JeAIZvRM6N9Js8w==", "user"=>{"name"=>"name", "sex"=>"10", "email"=>"email"}, "commit"=>"Create User"}
Unpermitted parameter: :sex
  [1m[35m (0.2ms)[0m  [1m[35mBEGIN[0m
  [1m[35mSQL (0.6ms)[0m  [1m[32mINSERT INTO `users` (`name`, `email`, `created_at`, `updated_at`) VALUES ('name', 'email', '2018-03-11 09:04:05', '2018-03-11 09:04:05')[0m
  [1m[35m (3.3ms)[0m  [1m[35mCOMMIT[0m
Redirected to http://localhost:3000/users/2
Completed 302 Found in 9ms (ActiveRecord: 4.1ms)


Started GET "/users/2" for 127.0.0.1 at 2018-03-11 18:04:05 +0900
Processing by UsersController#show as HTML
  Parameters: {"id"=>"2"}
  [1m[36mUser Load (0.3ms)[0m  [1m[34mSELECT  `users`.* FROM `users` WHERE `users`.`id` = 2 LIMIT 1[0m
  Rendering users/show.html.erb within layouts/application
  Rendered users/show.html.erb within layouts/application (0.7ms)
Completed 200 OK in 27ms (Views: 22.6ms | ActiveRecord: 0.3ms)


Started POST "/users" for 127.0.0.1 at 2018-03-11 18:05:01 +0900
Processing by UsersController#create as HTML
  Parameters: {"utf8"=>"✓", "authenticity_token"=>"l8jXsEpjV2XibuYM4PPomjlIpc7DYPIizqqczS3LEf5xTLFsAwgypNzfdlxEysft/HUwF56JeAIZvRM6N9Js8w==", "user"=>{"name"=>"name2", "sex"=>"10", "email"=>"email2"}, "commit"=>"Create User"}
  [1m[35m (0.2ms)[0m  [1m[35mBEGIN[0m
  [1m[35mSQL (0.3ms)[0m  [1m[32mINSERT INTO `users` (`name`, `email`, `created_at`, `updated_at`, `sex`) VALUES ('name2', 'email2', '2018-03-11 09:05:01', '2018-03-11 09:05:01', 10)[0m
  [1m[35m (2.3ms)[0m  [1m[35mCOMMIT[0m
Redirected to http://localhost:3000/users/3
Completed 302 Found in 24ms (ActiveRecord: 4.3ms)


Started GET "/users/3" for 127.0.0.1 at 2018-03-11 18:05:01 +0900
Processing by UsersController#show as HTML
  Parameters: {"id"=>"3"}
  [1m[36mUser Load (0.3ms)[0m  [1m[34mSELECT  `users`.* FROM `users` WHERE `users`.`id` = 3 LIMIT 1[0m
  Rendering users/show.html.erb within layouts/application
  Rendered users/show.html.erb within layouts/application (0.9ms)
Completed 200 OK in 63ms (Views: 58.2ms | ActiveRecord: 0.3ms)


Started GET "/users/3" for 127.0.0.1 at 2018-03-11 18:06:01 +0900
Processing by UsersController#show as HTML
  Parameters: {"id"=>"3"}
  [1m[36mUser Load (0.3ms)[0m  [1m[34mSELECT  `users`.* FROM `users` WHERE `users`.`id` = 3 LIMIT 1[0m
  Rendering users/show.html.erb within layouts/application
  Rendered users/show.html.erb within layouts/application (0.9ms)
Completed 200 OK in 56ms (Views: 53.1ms | ActiveRecord: 0.3ms)


Started GET "/users/3" for 127.0.0.1 at 2018-03-11 18:14:42 +0900
  [1m[35m (1.7ms)[0m  [1m[35mSET NAMES utf8,  @@SESSION.sql_mode = CONCAT(CONCAT(@@sql_mode, ',STRICT_ALL_TABLES'), ',NO_AUTO_VALUE_ON_ZERO'),  @@SESSION.sql_auto_is_null = 0, @@SESSION.wait_timeout = 2147483[0m
  [1m[35m (0.4ms)[0m  [1m[34mSELECT `schema_migrations`.`version` FROM `schema_migrations` ORDER BY `schema_migrations`.`version` ASC[0m
  
ActiveRecord::PendingMigrationError (

Migrations are pending. To resolve this issue, run:

        bin/rails db:migrate RAILS_ENV=development

):
  
activerecord (5.1.5) lib/active_record/migration.rb:576:in `check_pending!'
activerecord (5.1.5) lib/active_record/migration.rb:553:in `call'
actionpack (5.1.5) lib/action_dispatch/middleware/callbacks.rb:26:in `block in call'
activesupport (5.1.5) lib/active_support/callbacks.rb:97:in `run_callbacks'
actionpack (5.1.5) lib/action_dispatch/middleware/callbacks.rb:24:in `call'
actionpack (5.1.5) lib/action_dispatch/middleware/executor.rb:12:in `call'
actionpack (5.1.5) lib/action_dispatch/middleware/debug_exceptions.rb:59:in `call'
web-console (3.5.1) lib/web_console/middleware.rb:135:in `call_app'
web-console (3.5.1) lib/web_console/middleware.rb:28:in `block in call'
web-console (3.5.1) lib/web_console/middleware.rb:18:in `catch'
web-console (3.5.1) lib/web_console/middleware.rb:18:in `call'
actionpack (5.1.5) lib/action_dispatch/middleware/show_exceptions.rb:31:in `call'
railties (5.1.5) lib/rails/rack/logger.rb:36:in `call_app'
railties (5.1.5) lib/rails/rack/logger.rb:24:in `block in call'
activesupport (5.1.5) lib/active_support/tagged_logging.rb:69:in `block in tagged'
activesupport (5.1.5) lib/active_support/tagged_logging.rb:26:in `tagged'
activesupport (5.1.5) lib/active_support/tagged_logging.rb:69:in `tagged'
railties (5.1.5) lib/rails/rack/logger.rb:24:in `call'
sprockets-rails (3.2.1) lib/sprockets/rails/quiet_assets.rb:13:in `call'
actionpack (5.1.5) lib/action_dispatch/middleware/remote_ip.rb:79:in `call'
actionpack (5.1.5) lib/action_dispatch/middleware/request_id.rb:25:in `call'
rack (2.0.4) lib/rack/method_override.rb:22:in `call'
rack (2.0.4) lib/rack/runtime.rb:22:in `call'
activesupport (5.1.5) lib/active_support/cache/strategy/local_cache_middleware.rb:27:in `call'
actionpack (5.1.5) lib/action_dispatch/middleware/executor.rb:12:in `call'
actionpack (5.1.5) lib/action_dispatch/middleware/static.rb:125:in `call'
rack (2.0.4) lib/rack/sendfile.rb:111:in `call'
railties (5.1.5) lib/rails/engine.rb:522:in `call'
puma (3.11.3) lib/puma/configuration.rb:225:in `call'
puma (3.11.3) lib/puma/server.rb:624:in `handle_request'
puma (3.11.3) lib/puma/server.rb:438:in `process_client'
puma (3.11.3) lib/puma/server.rb:302:in `block in run'
puma (3.11.3) lib/puma/thread_pool.rb:120:in `block in spawn_thread'
  [1m[35m (1.0ms)[0m  [1m[35mSET NAMES utf8,  @@SESSION.sql_mode = CONCAT(CONCAT(@@sql_mode, ',STRICT_ALL_TABLES'), ',NO_AUTO_VALUE_ON_ZERO'),  @@SESSION.sql_auto_is_null = 0, @@SESSION.wait_timeout = 2147483[0m
  [1m[35m (0.2ms)[0m  [1m[34mSELECT GET_LOCK('7953544708674691770', 0)[0m
  [1m[35m (0.4ms)[0m  [1m[34mSELECT `schema_migrations`.`version` FROM `schema_migrations` ORDER BY `schema_migrations`.`version` ASC[0m
Migrating to Add (20180311091245)
  [1m[35m (0.2ms)[0m  [1m[35mBEGIN[0m
  [1m[35mSQL (0.3ms)[0m  [1m[32mINSERT INTO `schema_migrations` (`version`) VALUES ('20180311091245')[0m
  [1m[35m (2.2ms)[0m  [1m[35mCOMMIT[0m
Migrating to AddAgeToUsers (20180311091856)
  [1m[35m (80.8ms)[0m  [1m[35mALTER TABLE `users` ADD `age` int[0m
  [1m[35m (0.2ms)[0m  [1m[35mBEGIN[0m
  [1m[35mSQL (0.2ms)[0m  [1m[32mINSERT INTO `schema_migrations` (`version`) VALUES ('20180311091856')[0m
  [1m[35m (1.5ms)[0m  [1m[35mCOMMIT[0m
  [1m[36mActiveRecord::InternalMetadata Load (0.3ms)[0m  [1m[34mSELECT  `ar_internal_metadata`.* FROM `ar_internal_metadata` WHERE `ar_internal_metadata`.`key` = 'environment' LIMIT 1[0m
  [1m[35m (0.2ms)[0m  [1m[35mBEGIN[0m
  [1m[35m (0.2ms)[0m  [1m[35mCOMMIT[0m
  [1m[35m (0.3ms)[0m  [1m[34mSELECT RELEASE_LOCK('7953544708674691770')[0m
  [1m[35m (0.3ms)[0m  [1m[34mSELECT `schema_migrations`.`version` FROM `schema_migrations` ORDER BY `schema_migrations`.`version` ASC[0m
Started GET "/users/3" for 127.0.0.1 at 2018-03-11 18:25:33 +0900
  [1m[35m (0.8ms)[0m  [1m[35mSET NAMES utf8,  @@SESSION.sql_mode = CONCAT(CONCAT(@@sql_mode, ',STRICT_ALL_TABLES'), ',NO_AUTO_VALUE_ON_ZERO'),  @@SESSION.sql_auto_is_null = 0, @@SESSION.wait_timeout = 2147483[0m
  [1m[35m (0.5ms)[0m  [1m[34mSELECT `schema_migrations`.`version` FROM `schema_migrations` ORDER BY `schema_migrations`.`version` ASC[0m
Processing by UsersController#show as HTML
  Parameters: {"id"=>"3"}
  [1m[36mUser Load (0.6ms)[0m  [1m[34mSELECT  `users`.* FROM `users` WHERE `users`.`id` = 3 LIMIT 1[0m
  Rendering users/show.html.erb within layouts/application
  Rendered users/show.html.erb within layouts/application (4.8ms)
Completed 200 OK in 495ms (Views: 443.9ms | ActiveRecord: 2.1ms)


Started GET "/users" for 127.0.0.1 at 2018-03-11 18:25:37 +0900
Processing by UsersController#index as HTML
  Rendering users/index.html.erb within layouts/application
  [1m[35m (0.5ms)[0m  [1m[35mSET NAMES utf8,  @@SESSION.sql_mode = CONCAT(CONCAT(@@sql_mode, ',STRICT_ALL_TABLES'), ',NO_AUTO_VALUE_ON_ZERO'),  @@SESSION.sql_auto_is_null = 0, @@SESSION.wait_timeout = 2147483[0m
  [1m[36mUser Load (2.8ms)[0m  [1m[34mSELECT `users`.* FROM `users`[0m
  Rendered users/index.html.erb within layouts/application (10.7ms)
Completed 200 OK in 49ms (Views: 40.4ms | ActiveRecord: 3.3ms)


Started GET "/users/3" for 127.0.0.1 at 2018-03-11 18:25:43 +0900
Processing by UsersController#show as HTML
  Parameters: {"id"=>"3"}
  [1m[36mUser Load (0.7ms)[0m  [1m[34mSELECT  `users`.* FROM `users` WHERE `users`.`id` = 3 LIMIT 1[0m
  Rendering users/show.html.erb within layouts/application
  Rendered users/show.html.erb within layouts/application (1.0ms)
Completed 200 OK in 42ms (Views: 35.8ms | ActiveRecord: 0.7ms)


Started GET "/users" for 127.0.0.1 at 2018-03-11 18:25:44 +0900
Processing by UsersController#index as HTML
  Rendering users/index.html.erb within layouts/application
  [1m[36mUser Load (0.4ms)[0m  [1m[34mSELECT `users`.* FROM `users`[0m
  Rendered users/index.html.erb within layouts/application (3.4ms)
Completed 200 OK in 46ms (Views: 41.3ms | ActiveRecord: 0.4ms)


Started GET "/users/new" for 127.0.0.1 at 2018-03-11 18:25:45 +0900
Processing by UsersController#new as HTML
  Rendering users/new.html.erb within layouts/application
  Rendered users/_form.html.erb (62.4ms)
  Rendered users/new.html.erb within layouts/application (67.1ms)
Completed 200 OK in 100ms (Views: 95.2ms | ActiveRecord: 0.0ms)


Started POST "/users" for 127.0.0.1 at 2018-03-11 18:25:55 +0900
Processing by UsersController#create as HTML
  Parameters: {"utf8"=>"✓", "authenticity_token"=>"WbT5vTiSlv3dQCR9a5Lp4RAWoe+9smk6SS2LoiaxH/1gojIVPnufPOxCuffx7Gw0ti9U9/MNKXNQnopkeXX8Aw==", "user"=>{"name"=>"aaaa", "sex"=>"0", "email"=>"aaaa", "age"=>"1"}, "commit"=>"Create User"}
  [1m[35m (0.2ms)[0m  [1m[35mBEGIN[0m
  [1m[35mSQL (2.4ms)[0m  [1m[32mINSERT INTO `users` (`name`, `email`, `created_at`, `updated_at`, `sex`, `age`) VALUES ('aaaa', 'aaaa', '2018-03-11 09:25:55', '2018-03-11 09:25:55', 0, 1)[0m
  [1m[35m (2.9ms)[0m  [1m[35mCOMMIT[0m
Redirected to http://localhost:3000/users/4
Completed 302 Found in 11ms (ActiveRecord: 5.5ms)


Started GET "/users/4" for 127.0.0.1 at 2018-03-11 18:25:55 +0900
Processing by UsersController#show as HTML
  Parameters: {"id"=>"4"}
  [1m[36mUser Load (0.4ms)[0m  [1m[34mSELECT  `users`.* FROM `users` WHERE `users`.`id` = 4 LIMIT 1[0m
  Rendering users/show.html.erb within layouts/application
  Rendered users/show.html.erb within layouts/application (0.8ms)
Completed 200 OK in 27ms (Views: 18.2ms | ActiveRecord: 0.4ms)


Started GET "/users" for 127.0.0.1 at 2018-03-11 18:25:58 +0900
Processing by UsersController#index as HTML
  Rendering users/index.html.erb within layouts/application
  [1m[36mUser Load (0.4ms)[0m  [1m[34mSELECT `users`.* FROM `users`[0m
  Rendered users/index.html.erb within layouts/application (4.1ms)
Completed 200 OK in 48ms (Views: 41.8ms | ActiveRecord: 0.4ms)


Started GET "/users/4" for 127.0.0.1 at 2018-03-11 18:26:26 +0900
Processing by UsersController#show as HTML
  Parameters: {"id"=>"4"}
  [1m[36mUser Load (0.5ms)[0m  [1m[34mSELECT  `users`.* FROM `users` WHERE `users`.`id` = 4 LIMIT 1[0m
  Rendering users/show.html.erb within layouts/application
  Rendered users/show.html.erb within layouts/application (1.3ms)
Completed 200 OK in 56ms (Views: 48.1ms | ActiveRecord: 0.5ms)


Started GET "/" for 127.0.0.1 at 2018-03-11 18:27:10 +0900
Processing by Rails::WelcomeController#index as HTML
  Rendering /Users/kazu/.rbenv/versions/2.5.0/lib/ruby/gems/2.5.0/gems/railties-5.1.5/lib/rails/templates/rails/welcome/index.html.erb
  Rendered /Users/kazu/.rbenv/versions/2.5.0/lib/ruby/gems/2.5.0/gems/railties-5.1.5/lib/rails/templates/rails/welcome/index.html.erb (3.5ms)
Completed 200 OK in 19ms (Views: 9.5ms | ActiveRecord: 0.0ms)


Started GET "/" for 127.0.0.1 at 2018-03-11 18:27:49 +0900
Processing by UsersController#index as HTML
  Rendering users/index.html.erb within layouts/application
  [1m[36mUser Load (0.4ms)[0m  [1m[34mSELECT `users`.* FROM `users`[0m
  Rendered users/index.html.erb within layouts/application (10.4ms)
Completed 200 OK in 76ms (Views: 62.8ms | ActiveRecord: 0.4ms)


Started GET "/" for 127.0.0.1 at 2018-03-11 18:32:52 +0900
Processing by UsersController#index as HTML
  Rendering users/index.html.erb within layouts/application
  [1m[36mUser Load (1.1ms)[0m  [1m[34mSELECT `users`.* FROM `users`[0m
  Rendered users/index.html.erb within layouts/application (10.2ms)
Completed 200 OK in 89ms (Views: 75.0ms | ActiveRecord: 1.1ms)


Started GET "/comments" for 127.0.0.1 at 2018-03-11 18:32:56 +0900
  
LoadError (Unable to autoload constant CommentsController, expected /Users/kazu/src/kamiyan/app/controllers/comments_controller.rb to define it):
  
activesupport (5.1.5) lib/active_support/dependencies.rb:512:in `load_missing_constant'
activesupport (5.1.5) lib/active_support/dependencies.rb:202:in `const_missing'
activesupport (5.1.5) lib/active_support/inflector/methods.rb:269:in `const_get'
activesupport (5.1.5) lib/active_support/inflector/methods.rb:269:in `block in constantize'
activesupport (5.1.5) lib/active_support/inflector/methods.rb:267:in `each'
activesupport (5.1.5) lib/active_support/inflector/methods.rb:267:in `inject'
activesupport (5.1.5) lib/active_support/inflector/methods.rb:267:in `constantize'
activesupport (5.1.5) lib/active_support/dependencies.rb:583:in `get'
activesupport (5.1.5) lib/active_support/dependencies.rb:614:in `constantize'
actionpack (5.1.5) lib/action_dispatch/http/request.rb:85:in `controller_class_for'
actionpack (5.1.5) lib/action_dispatch/http/parameters.rb:99:in `binary_params_for?'
actionpack (5.1.5) lib/action_dispatch/http/parameters.rb:90:in `set_binary_encoding'
actionpack (5.1.5) lib/action_dispatch/http/parameters.rb:67:in `path_parameters='
actionpack (5.1.5) lib/action_dispatch/journey/router.rb:48:in `block in serve'
actionpack (5.1.5) lib/action_dispatch/journey/router.rb:33:in `each'
actionpack (5.1.5) lib/action_dispatch/journey/router.rb:33:in `serve'
actionpack (5.1.5) lib/action_dispatch/routing/route_set.rb:844:in `call'
rack (2.0.4) lib/rack/etag.rb:25:in `call'
rack (2.0.4) lib/rack/conditional_get.rb:25:in `call'
rack (2.0.4) lib/rack/head.rb:12:in `call'
rack (2.0.4) lib/rack/session/abstract/id.rb:232:in `context'
rack (2.0.4) lib/rack/session/abstract/id.rb:226:in `call'
actionpack (5.1.5) lib/action_dispatch/middleware/cookies.rb:613:in `call'
activerecord (5.1.5) lib/active_record/migration.rb:556:in `call'
actionpack (5.1.5) lib/action_dispatch/middleware/callbacks.rb:26:in `block in call'
activesupport (5.1.5) lib/active_support/callbacks.rb:97:in `run_callbacks'
actionpack (5.1.5) lib/action_dispatch/middleware/callbacks.rb:24:in `call'
actionpack (5.1.5) lib/action_dispatch/middleware/executor.rb:12:in `call'
actionpack (5.1.5) lib/action_dispatch/middleware/debug_exceptions.rb:59:in `call'
web-console (3.5.1) lib/web_console/middleware.rb:135:in `call_app'
web-console (3.5.1) lib/web_console/middleware.rb:28:in `block in call'
web-console (3.5.1) lib/web_console/middleware.rb:18:in `catch'
web-console (3.5.1) lib/web_console/middleware.rb:18:in `call'
actionpack (5.1.5) lib/action_dispatch/middleware/show_exceptions.rb:31:in `call'
railties (5.1.5) lib/rails/rack/logger.rb:36:in `call_app'
railties (5.1.5) lib/rails/rack/logger.rb:24:in `block in call'
activesupport (5.1.5) lib/active_support/tagged_logging.rb:69:in `block in tagged'
activesupport (5.1.5) lib/active_support/tagged_logging.rb:26:in `tagged'
activesupport (5.1.5) lib/active_support/tagged_logging.rb:69:in `tagged'
railties (5.1.5) lib/rails/rack/logger.rb:24:in `call'
sprockets-rails (3.2.1) lib/sprockets/rails/quiet_assets.rb:13:in `call'
actionpack (5.1.5) lib/action_dispatch/middleware/remote_ip.rb:79:in `call'
actionpack (5.1.5) lib/action_dispatch/middleware/request_id.rb:25:in `call'
rack (2.0.4) lib/rack/method_override.rb:22:in `call'
rack (2.0.4) lib/rack/runtime.rb:22:in `call'
activesupport (5.1.5) lib/active_support/cache/strategy/local_cache_middleware.rb:27:in `call'
actionpack (5.1.5) lib/action_dispatch/middleware/executor.rb:12:in `call'
actionpack (5.1.5) lib/action_dispatch/middleware/static.rb:125:in `call'
rack (2.0.4) lib/rack/sendfile.rb:111:in `call'
railties (5.1.5) lib/rails/engine.rb:522:in `call'
puma (3.11.3) lib/puma/configuration.rb:225:in `call'
puma (3.11.3) lib/puma/server.rb:624:in `handle_request'
puma (3.11.3) lib/puma/server.rb:438:in `process_client'
puma (3.11.3) lib/puma/server.rb:302:in `block in run'
puma (3.11.3) lib/puma/thread_pool.rb:120:in `block in spawn_thread'
Started GET "/comments" for 127.0.0.1 at 2018-03-11 18:33:15 +0900
  
LoadError (Unable to autoload constant CommentsController, expected /Users/kazu/src/kamiyan/app/controllers/comments_controller.rb to define it):
  
activesupport (5.1.5) lib/active_support/dependencies.rb:512:in `load_missing_constant'
activesupport (5.1.5) lib/active_support/dependencies.rb:202:in `const_missing'
activesupport (5.1.5) lib/active_support/inflector/methods.rb:269:in `const_get'
activesupport (5.1.5) lib/active_support/inflector/methods.rb:269:in `block in constantize'
activesupport (5.1.5) lib/active_support/inflector/methods.rb:267:in `each'
activesupport (5.1.5) lib/active_support/inflector/methods.rb:267:in `inject'
activesupport (5.1.5) lib/active_support/inflector/methods.rb:267:in `constantize'
activesupport (5.1.5) lib/active_support/dependencies.rb:583:in `get'
activesupport (5.1.5) lib/active_support/dependencies.rb:614:in `constantize'
actionpack (5.1.5) lib/action_dispatch/http/request.rb:85:in `controller_class_for'
actionpack (5.1.5) lib/action_dispatch/http/parameters.rb:99:in `binary_params_for?'
actionpack (5.1.5) lib/action_dispatch/http/parameters.rb:90:in `set_binary_encoding'
actionpack (5.1.5) lib/action_dispatch/http/parameters.rb:67:in `path_parameters='
actionpack (5.1.5) lib/action_dispatch/journey/router.rb:48:in `block in serve'
actionpack (5.1.5) lib/action_dispatch/journey/router.rb:33:in `each'
actionpack (5.1.5) lib/action_dispatch/journey/router.rb:33:in `serve'
actionpack (5.1.5) lib/action_dispatch/routing/route_set.rb:844:in `call'
rack (2.0.4) lib/rack/etag.rb:25:in `call'
rack (2.0.4) lib/rack/conditional_get.rb:25:in `call'
rack (2.0.4) lib/rack/head.rb:12:in `call'
rack (2.0.4) lib/rack/session/abstract/id.rb:232:in `context'
rack (2.0.4) lib/rack/session/abstract/id.rb:226:in `call'
actionpack (5.1.5) lib/action_dispatch/middleware/cookies.rb:613:in `call'
activerecord (5.1.5) lib/active_record/migration.rb:556:in `call'
actionpack (5.1.5) lib/action_dispatch/middleware/callbacks.rb:26:in `block in call'
activesupport (5.1.5) lib/active_support/callbacks.rb:97:in `run_callbacks'
actionpack (5.1.5) lib/action_dispatch/middleware/callbacks.rb:24:in `call'
actionpack (5.1.5) lib/action_dispatch/middleware/executor.rb:12:in `call'
actionpack (5.1.5) lib/action_dispatch/middleware/debug_exceptions.rb:59:in `call'
web-console (3.5.1) lib/web_console/middleware.rb:135:in `call_app'
web-console (3.5.1) lib/web_console/middleware.rb:28:in `block in call'
web-console (3.5.1) lib/web_console/middleware.rb:18:in `catch'
web-console (3.5.1) lib/web_console/middleware.rb:18:in `call'
actionpack (5.1.5) lib/action_dispatch/middleware/show_exceptions.rb:31:in `call'
railties (5.1.5) lib/rails/rack/logger.rb:36:in `call_app'
railties (5.1.5) lib/rails/rack/logger.rb:24:in `block in call'
activesupport (5.1.5) lib/active_support/tagged_logging.rb:69:in `block in tagged'
activesupport (5.1.5) lib/active_support/tagged_logging.rb:26:in `tagged'
activesupport (5.1.5) lib/active_support/tagged_logging.rb:69:in `tagged'
railties (5.1.5) lib/rails/rack/logger.rb:24:in `call'
sprockets-rails (3.2.1) lib/sprockets/rails/quiet_assets.rb:13:in `call'
actionpack (5.1.5) lib/action_dispatch/middleware/remote_ip.rb:79:in `call'
actionpack (5.1.5) lib/action_dispatch/middleware/request_id.rb:25:in `call'
rack (2.0.4) lib/rack/method_override.rb:22:in `call'
rack (2.0.4) lib/rack/runtime.rb:22:in `call'
activesupport (5.1.5) lib/active_support/cache/strategy/local_cache_middleware.rb:27:in `call'
actionpack (5.1.5) lib/action_dispatch/middleware/executor.rb:12:in `call'
actionpack (5.1.5) lib/action_dispatch/middleware/static.rb:125:in `call'
rack (2.0.4) lib/rack/sendfile.rb:111:in `call'
railties (5.1.5) lib/rails/engine.rb:522:in `call'
puma (3.11.3) lib/puma/configuration.rb:225:in `call'
puma (3.11.3) lib/puma/server.rb:624:in `handle_request'
puma (3.11.3) lib/puma/server.rb:438:in `process_client'
puma (3.11.3) lib/puma/server.rb:302:in `block in run'
puma (3.11.3) lib/puma/thread_pool.rb:120:in `block in spawn_thread'
Started GET "/comments" for 127.0.0.1 at 2018-03-11 18:33:38 +0900
  [1m[35m (1.2ms)[0m  [1m[35mSET NAMES utf8,  @@SESSION.sql_mode = CONCAT(CONCAT(@@sql_mode, ',STRICT_ALL_TABLES'), ',NO_AUTO_VALUE_ON_ZERO'),  @@SESSION.sql_auto_is_null = 0, @@SESSION.wait_timeout = 2147483[0m
  [1m[35m (0.6ms)[0m  [1m[34mSELECT `schema_migrations`.`version` FROM `schema_migrations` ORDER BY `schema_migrations`.`version` ASC[0m
  
LoadError (Unable to autoload constant CommentsController, expected /Users/kazu/src/kamiyan/app/controllers/comments_controller.rb to define it):
  
activesupport (5.1.5) lib/active_support/dependencies.rb:512:in `load_missing_constant'
activesupport (5.1.5) lib/active_support/dependencies.rb:202:in `const_missing'
activesupport (5.1.5) lib/active_support/inflector/methods.rb:269:in `const_get'
activesupport (5.1.5) lib/active_support/inflector/methods.rb:269:in `block in constantize'
activesupport (5.1.5) lib/active_support/inflector/methods.rb:267:in `each'
activesupport (5.1.5) lib/active_support/inflector/methods.rb:267:in `inject'
activesupport (5.1.5) lib/active_support/inflector/methods.rb:267:in `constantize'
activesupport (5.1.5) lib/active_support/dependencies.rb:583:in `get'
activesupport (5.1.5) lib/active_support/dependencies.rb:614:in `constantize'
actionpack (5.1.5) lib/action_dispatch/http/request.rb:85:in `controller_class_for'
actionpack (5.1.5) lib/action_dispatch/http/parameters.rb:99:in `binary_params_for?'
actionpack (5.1.5) lib/action_dispatch/http/parameters.rb:90:in `set_binary_encoding'
actionpack (5.1.5) lib/action_dispatch/http/parameters.rb:67:in `path_parameters='
actionpack (5.1.5) lib/action_dispatch/journey/router.rb:48:in `block in serve'
actionpack (5.1.5) lib/action_dispatch/journey/router.rb:33:in `each'
actionpack (5.1.5) lib/action_dispatch/journey/router.rb:33:in `serve'
actionpack (5.1.5) lib/action_dispatch/routing/route_set.rb:844:in `call'
rack (2.0.4) lib/rack/etag.rb:25:in `call'
rack (2.0.4) lib/rack/conditional_get.rb:25:in `call'
rack (2.0.4) lib/rack/head.rb:12:in `call'
rack (2.0.4) lib/rack/session/abstract/id.rb:232:in `context'
rack (2.0.4) lib/rack/session/abstract/id.rb:226:in `call'
actionpack (5.1.5) lib/action_dispatch/middleware/cookies.rb:613:in `call'
activerecord (5.1.5) lib/active_record/migration.rb:556:in `call'
actionpack (5.1.5) lib/action_dispatch/middleware/callbacks.rb:26:in `block in call'
activesupport (5.1.5) lib/active_support/callbacks.rb:97:in `run_callbacks'
actionpack (5.1.5) lib/action_dispatch/middleware/callbacks.rb:24:in `call'
actionpack (5.1.5) lib/action_dispatch/middleware/executor.rb:12:in `call'
actionpack (5.1.5) lib/action_dispatch/middleware/debug_exceptions.rb:59:in `call'
web-console (3.5.1) lib/web_console/middleware.rb:135:in `call_app'
web-console (3.5.1) lib/web_console/middleware.rb:28:in `block in call'
web-console (3.5.1) lib/web_console/middleware.rb:18:in `catch'
web-console (3.5.1) lib/web_console/middleware.rb:18:in `call'
actionpack (5.1.5) lib/action_dispatch/middleware/show_exceptions.rb:31:in `call'
railties (5.1.5) lib/rails/rack/logger.rb:36:in `call_app'
railties (5.1.5) lib/rails/rack/logger.rb:24:in `block in call'
activesupport (5.1.5) lib/active_support/tagged_logging.rb:69:in `block in tagged'
activesupport (5.1.5) lib/active_support/tagged_logging.rb:26:in `tagged'
activesupport (5.1.5) lib/active_support/tagged_logging.rb:69:in `tagged'
railties (5.1.5) lib/rails/rack/logger.rb:24:in `call'
sprockets-rails (3.2.1) lib/sprockets/rails/quiet_assets.rb:13:in `call'
actionpack (5.1.5) lib/action_dispatch/middleware/remote_ip.rb:79:in `call'
actionpack (5.1.5) lib/action_dispatch/middleware/request_id.rb:25:in `call'
rack (2.0.4) lib/rack/method_override.rb:22:in `call'
rack (2.0.4) lib/rack/runtime.rb:22:in `call'
activesupport (5.1.5) lib/active_support/cache/strategy/local_cache_middleware.rb:27:in `call'
actionpack (5.1.5) lib/action_dispatch/middleware/executor.rb:12:in `call'
actionpack (5.1.5) lib/action_dispatch/middleware/static.rb:125:in `call'
rack (2.0.4) lib/rack/sendfile.rb:111:in `call'
railties (5.1.5) lib/rails/engine.rb:522:in `call'
puma (3.11.3) lib/puma/configuration.rb:225:in `call'
puma (3.11.3) lib/puma/server.rb:624:in `handle_request'
puma (3.11.3) lib/puma/server.rb:438:in `process_client'
puma (3.11.3) lib/puma/server.rb:302:in `block in run'
puma (3.11.3) lib/puma/thread_pool.rb:120:in `block in spawn_thread'
Started GET "/comments" for 127.0.0.1 at 2018-03-11 18:34:55 +0900
  
LoadError (Unable to autoload constant CommentsController, expected /Users/kazu/src/kamiyan/app/controllers/comments_controller.rb to define it):
  
activesupport (5.1.5) lib/active_support/dependencies.rb:512:in `load_missing_constant'
activesupport (5.1.5) lib/active_support/dependencies.rb:202:in `const_missing'
activesupport (5.1.5) lib/active_support/inflector/methods.rb:269:in `const_get'
activesupport (5.1.5) lib/active_support/inflector/methods.rb:269:in `block in constantize'
activesupport (5.1.5) lib/active_support/inflector/methods.rb:267:in `each'
activesupport (5.1.5) lib/active_support/inflector/methods.rb:267:in `inject'
activesupport (5.1.5) lib/active_support/inflector/methods.rb:267:in `constantize'
activesupport (5.1.5) lib/active_support/dependencies.rb:583:in `get'
activesupport (5.1.5) lib/active_support/dependencies.rb:614:in `constantize'
actionpack (5.1.5) lib/action_dispatch/http/request.rb:85:in `controller_class_for'
actionpack (5.1.5) lib/action_dispatch/http/parameters.rb:99:in `binary_params_for?'
actionpack (5.1.5) lib/action_dispatch/http/parameters.rb:90:in `set_binary_encoding'
actionpack (5.1.5) lib/action_dispatch/http/parameters.rb:67:in `path_parameters='
actionpack (5.1.5) lib/action_dispatch/journey/router.rb:48:in `block in serve'
actionpack (5.1.5) lib/action_dispatch/journey/router.rb:33:in `each'
actionpack (5.1.5) lib/action_dispatch/journey/router.rb:33:in `serve'
actionpack (5.1.5) lib/action_dispatch/routing/route_set.rb:844:in `call'
rack (2.0.4) lib/rack/etag.rb:25:in `call'
rack (2.0.4) lib/rack/conditional_get.rb:25:in `call'
rack (2.0.4) lib/rack/head.rb:12:in `call'
rack (2.0.4) lib/rack/session/abstract/id.rb:232:in `context'
rack (2.0.4) lib/rack/session/abstract/id.rb:226:in `call'
actionpack (5.1.5) lib/action_dispatch/middleware/cookies.rb:613:in `call'
activerecord (5.1.5) lib/active_record/migration.rb:556:in `call'
actionpack (5.1.5) lib/action_dispatch/middleware/callbacks.rb:26:in `block in call'
activesupport (5.1.5) lib/active_support/callbacks.rb:97:in `run_callbacks'
actionpack (5.1.5) lib/action_dispatch/middleware/callbacks.rb:24:in `call'
actionpack (5.1.5) lib/action_dispatch/middleware/executor.rb:12:in `call'
actionpack (5.1.5) lib/action_dispatch/middleware/debug_exceptions.rb:59:in `call'
web-console (3.5.1) lib/web_console/middleware.rb:135:in `call_app'
web-console (3.5.1) lib/web_console/middleware.rb:28:in `block in call'
web-console (3.5.1) lib/web_console/middleware.rb:18:in `catch'
web-console (3.5.1) lib/web_console/middleware.rb:18:in `call'
actionpack (5.1.5) lib/action_dispatch/middleware/show_exceptions.rb:31:in `call'
railties (5.1.5) lib/rails/rack/logger.rb:36:in `call_app'
railties (5.1.5) lib/rails/rack/logger.rb:24:in `block in call'
activesupport (5.1.5) lib/active_support/tagged_logging.rb:69:in `block in tagged'
activesupport (5.1.5) lib/active_support/tagged_logging.rb:26:in `tagged'
activesupport (5.1.5) lib/active_support/tagged_logging.rb:69:in `tagged'
railties (5.1.5) lib/rails/rack/logger.rb:24:in `call'
sprockets-rails (3.2.1) lib/sprockets/rails/quiet_assets.rb:13:in `call'
actionpack (5.1.5) lib/action_dispatch/middleware/remote_ip.rb:79:in `call'
actionpack (5.1.5) lib/action_dispatch/middleware/request_id.rb:25:in `call'
rack (2.0.4) lib/rack/method_override.rb:22:in `call'
rack (2.0.4) lib/rack/runtime.rb:22:in `call'
activesupport (5.1.5) lib/active_support/cache/strategy/local_cache_middleware.rb:27:in `call'
actionpack (5.1.5) lib/action_dispatch/middleware/executor.rb:12:in `call'
actionpack (5.1.5) lib/action_dispatch/middleware/static.rb:125:in `call'
rack (2.0.4) lib/rack/sendfile.rb:111:in `call'
railties (5.1.5) lib/rails/engine.rb:522:in `call'
puma (3.11.3) lib/puma/configuration.rb:225:in `call'
puma (3.11.3) lib/puma/server.rb:624:in `handle_request'
puma (3.11.3) lib/puma/server.rb:438:in `process_client'
puma (3.11.3) lib/puma/server.rb:302:in `block in run'
puma (3.11.3) lib/puma/thread_pool.rb:120:in `block in spawn_thread'
Started GET "/comments" for 127.0.0.1 at 2018-03-11 18:34:56 +0900
  
LoadError (Unable to autoload constant CommentsController, expected /Users/kazu/src/kamiyan/app/controllers/comments_controller.rb to define it):
  
activesupport (5.1.5) lib/active_support/dependencies.rb:512:in `load_missing_constant'
activesupport (5.1.5) lib/active_support/dependencies.rb:202:in `const_missing'
activesupport (5.1.5) lib/active_support/inflector/methods.rb:269:in `const_get'
activesupport (5.1.5) lib/active_support/inflector/methods.rb:269:in `block in constantize'
activesupport (5.1.5) lib/active_support/inflector/methods.rb:267:in `each'
activesupport (5.1.5) lib/active_support/inflector/methods.rb:267:in `inject'
activesupport (5.1.5) lib/active_support/inflector/methods.rb:267:in `constantize'
activesupport (5.1.5) lib/active_support/dependencies.rb:583:in `get'
activesupport (5.1.5) lib/active_support/dependencies.rb:614:in `constantize'
actionpack (5.1.5) lib/action_dispatch/http/request.rb:85:in `controller_class_for'
actionpack (5.1.5) lib/action_dispatch/http/parameters.rb:99:in `binary_params_for?'
actionpack (5.1.5) lib/action_dispatch/http/parameters.rb:90:in `set_binary_encoding'
actionpack (5.1.5) lib/action_dispatch/http/parameters.rb:67:in `path_parameters='
actionpack (5.1.5) lib/action_dispatch/journey/router.rb:48:in `block in serve'
actionpack (5.1.5) lib/action_dispatch/journey/router.rb:33:in `each'
actionpack (5.1.5) lib/action_dispatch/journey/router.rb:33:in `serve'
actionpack (5.1.5) lib/action_dispatch/routing/route_set.rb:844:in `call'
rack (2.0.4) lib/rack/etag.rb:25:in `call'
rack (2.0.4) lib/rack/conditional_get.rb:25:in `call'
rack (2.0.4) lib/rack/head.rb:12:in `call'
rack (2.0.4) lib/rack/session/abstract/id.rb:232:in `context'
rack (2.0.4) lib/rack/session/abstract/id.rb:226:in `call'
actionpack (5.1.5) lib/action_dispatch/middleware/cookies.rb:613:in `call'
activerecord (5.1.5) lib/active_record/migration.rb:556:in `call'
actionpack (5.1.5) lib/action_dispatch/middleware/callbacks.rb:26:in `block in call'
activesupport (5.1.5) lib/active_support/callbacks.rb:97:in `run_callbacks'
actionpack (5.1.5) lib/action_dispatch/middleware/callbacks.rb:24:in `call'
actionpack (5.1.5) lib/action_dispatch/middleware/executor.rb:12:in `call'
actionpack (5.1.5) lib/action_dispatch/middleware/debug_exceptions.rb:59:in `call'
web-console (3.5.1) lib/web_console/middleware.rb:135:in `call_app'
web-console (3.5.1) lib/web_console/middleware.rb:28:in `block in call'
web-console (3.5.1) lib/web_console/middleware.rb:18:in `catch'
web-console (3.5.1) lib/web_console/middleware.rb:18:in `call'
actionpack (5.1.5) lib/action_dispatch/middleware/show_exceptions.rb:31:in `call'
railties (5.1.5) lib/rails/rack/logger.rb:36:in `call_app'
railties (5.1.5) lib/rails/rack/logger.rb:24:in `block in call'
activesupport (5.1.5) lib/active_support/tagged_logging.rb:69:in `block in tagged'
activesupport (5.1.5) lib/active_support/tagged_logging.rb:26:in `tagged'
activesupport (5.1.5) lib/active_support/tagged_logging.rb:69:in `tagged'
railties (5.1.5) lib/rails/rack/logger.rb:24:in `call'
sprockets-rails (3.2.1) lib/sprockets/rails/quiet_assets.rb:13:in `call'
actionpack (5.1.5) lib/action_dispatch/middleware/remote_ip.rb:79:in `call'
actionpack (5.1.5) lib/action_dispatch/middleware/request_id.rb:25:in `call'
rack (2.0.4) lib/rack/method_override.rb:22:in `call'
rack (2.0.4) lib/rack/runtime.rb:22:in `call'
activesupport (5.1.5) lib/active_support/cache/strategy/local_cache_middleware.rb:27:in `call'
actionpack (5.1.5) lib/action_dispatch/middleware/executor.rb:12:in `call'
actionpack (5.1.5) lib/action_dispatch/middleware/static.rb:125:in `call'
rack (2.0.4) lib/rack/sendfile.rb:111:in `call'
railties (5.1.5) lib/rails/engine.rb:522:in `call'
puma (3.11.3) lib/puma/configuration.rb:225:in `call'
puma (3.11.3) lib/puma/server.rb:624:in `handle_request'
puma (3.11.3) lib/puma/server.rb:438:in `process_client'
puma (3.11.3) lib/puma/server.rb:302:in `block in run'
puma (3.11.3) lib/puma/thread_pool.rb:120:in `block in spawn_thread'
Started GET "/comments" for 127.0.0.1 at 2018-03-11 18:35:58 +0900
Processing by CommentsController#index as HTML
  Rendering comments/index.html.erb within layouts/application
  Rendered comments/index.html.erb within layouts/application (1.1ms)
Completed 200 OK in 439ms (Views: 435.7ms | ActiveRecord: 0.0ms)


  [1m[35m (0.5ms)[0m  [1m[35mSET NAMES utf8,  @@SESSION.sql_mode = CONCAT(CONCAT(@@sql_mode, ',STRICT_ALL_TABLES'), ',NO_AUTO_VALUE_ON_ZERO'),  @@SESSION.sql_auto_is_null = 0, @@SESSION.wait_timeout = 2147483[0m
  [1m[35m (0.2ms)[0m  [1m[34mSELECT GET_LOCK('7953544708674691770', 0)[0m
  [1m[35m (0.3ms)[0m  [1m[34mSELECT `schema_migrations`.`version` FROM `schema_migrations` ORDER BY `schema_migrations`.`version` ASC[0m
Migrating to CreateComments (20180311093926)
  [1m[35m (36.0ms)[0m  [1m[35mCREATE TABLE `comments` (`id` bigint NOT NULL AUTO_INCREMENT PRIMARY KEY, `content` text, `user_id` bigint, `created_at` datetime NOT NULL, `updated_at` datetime NOT NULL,  INDEX `index_comments_on_user_id`  (`user_id`), CONSTRAINT `fk_rails_03de2dc08c`
FOREIGN KEY (`user_id`)
  REFERENCES `users` (`id`)
) ENGINE=InnoDB[0m
  [1m[35m (0.2ms)[0m  [1m[35mBEGIN[0m
  [1m[35mSQL (0.3ms)[0m  [1m[32mINSERT INTO `schema_migrations` (`version`) VALUES ('20180311093926')[0m
  [1m[35m (2.0ms)[0m  [1m[35mCOMMIT[0m
  [1m[36mActiveRecord::InternalMetadata Load (0.4ms)[0m  [1m[34mSELECT  `ar_internal_metadata`.* FROM `ar_internal_metadata` WHERE `ar_internal_metadata`.`key` = 'environment' LIMIT 1[0m
  [1m[35m (0.2ms)[0m  [1m[35mBEGIN[0m
  [1m[35m (0.2ms)[0m  [1m[35mCOMMIT[0m
  [1m[35m (0.2ms)[0m  [1m[34mSELECT RELEASE_LOCK('7953544708674691770')[0m
  [1m[35m (0.3ms)[0m  [1m[34mSELECT `schema_migrations`.`version` FROM `schema_migrations` ORDER BY `schema_migrations`.`version` ASC[0m
  [1m[35m (0.4ms)[0m  [1m[35mSET NAMES utf8,  @@SESSION.sql_mode = CONCAT(CONCAT(@@sql_mode, ',STRICT_ALL_TABLES'), ',NO_AUTO_VALUE_ON_ZERO'),  @@SESSION.sql_auto_is_null = 0, @@SESSION.wait_timeout = 2147483[0m
  [1m[36mUser Load (0.4ms)[0m  [1m[34mSELECT  `users`.* FROM `users` LIMIT 11[0m
  [1m[36mUser Load (0.5ms)[0m  [1m[34mSELECT  `users`.* FROM `users` ORDER BY `users`.`id` ASC LIMIT 1[0m
  [1m[36mComment Load (4.2ms)[0m  [1m[34mSELECT  `comments`.* FROM `comments` WHERE `comments`.`user_id` = 1 LIMIT 11[0m
  [1m[35m (0.4ms)[0m  [1m[35mBEGIN[0m
  [1m[35m (0.3ms)[0m  [1m[31mROLLBACK[0m
  [1m[35m (0.3ms)[0m  [1m[35mBEGIN[0m
  [1m[35mSQL (2.6ms)[0m  [1m[32mINSERT INTO `comments` (`content`, `user_id`, `created_at`, `updated_at`) VALUES ('test', 1, '2018-03-11 09:43:53', '2018-03-11 09:43:53')[0m
  [1m[35m (2.4ms)[0m  [1m[35mCOMMIT[0m
  [1m[36mComment Load (0.6ms)[0m  [1m[34mSELECT  `comments`.* FROM `comments` WHERE `comments`.`user_id` = 1 LIMIT 11[0m
  [1m[36mUser Load (0.6ms)[0m  [1m[34mSELECT  `users`.* FROM `users` WHERE `users`.`id` = 2 LIMIT 1[0m
  [1m[35m (0.3ms)[0m  [1m[35mBEGIN[0m
  [1m[35m (0.3ms)[0m  [1m[31mROLLBACK[0m
  [1m[35m (0.3ms)[0m  [1m[35mBEGIN[0m
  [1m[35mSQL (0.5ms)[0m  [1m[32mINSERT INTO `comments` (`content`, `user_id`, `created_at`, `updated_at`) VALUES ('test', 1, '2018-03-11 09:46:30', '2018-03-11 09:46:30')[0m
  [1m[35m (1.2ms)[0m  [1m[35mCOMMIT[0m
  [1m[35m (0.3ms)[0m  [1m[35mBEGIN[0m
  [1m[35mSQL (0.5ms)[0m  [1m[32mINSERT INTO `comments` (`content`, `user_id`, `created_at`, `updated_at`) VALUES ('test', 1, '2018-03-11 09:46:31', '2018-03-11 09:46:31')[0m
  [1m[35m (2.4ms)[0m  [1m[35mCOMMIT[0m
  [1m[35m (0.3ms)[0m  [1m[35mBEGIN[0m
  [1m[35mSQL (0.5ms)[0m  [1m[32mINSERT INTO `comments` (`content`, `user_id`, `created_at`, `updated_at`) VALUES ('test', 1, '2018-03-11 09:46:32', '2018-03-11 09:46:32')[0m
  [1m[35m (2.4ms)[0m  [1m[35mCOMMIT[0m
  [1m[35m (0.4ms)[0m  [1m[35mBEGIN[0m
  [1m[35mSQL (0.7ms)[0m  [1m[32mINSERT INTO `comments` (`content`, `user_id`, `created_at`, `updated_at`) VALUES ('test', 1, '2018-03-11 09:46:33', '2018-03-11 09:46:33')[0m
  [1m[35m (2.4ms)[0m  [1m[35mCOMMIT[0m
  [1m[35m (0.3ms)[0m  [1m[35mBEGIN[0m
  [1m[35mSQL (0.6ms)[0m  [1m[32mINSERT INTO `comments` (`content`, `user_id`, `created_at`, `updated_at`) VALUES ('test', 1, '2018-03-11 09:46:33', '2018-03-11 09:46:33')[0m
  [1m[35m (4.9ms)[0m  [1m[35mCOMMIT[0m
Started GET "/comments" for 127.0.0.1 at 2018-03-11 18:50:30 +0900
  [1m[35m (0.7ms)[0m  [1m[35mSET NAMES utf8,  @@SESSION.sql_mode = CONCAT(CONCAT(@@sql_mode, ',STRICT_ALL_TABLES'), ',NO_AUTO_VALUE_ON_ZERO'),  @@SESSION.sql_auto_is_null = 0, @@SESSION.wait_timeout = 2147483[0m
  [1m[35m (0.5ms)[0m  [1m[34mSELECT `schema_migrations`.`version` FROM `schema_migrations` ORDER BY `schema_migrations`.`version` ASC[0m
Processing by CommentsController#index as HTML
  Rendering comments/index.html.erb within layouts/application
  [1m[36mComment Load (0.6ms)[0m  [1m[34mSELECT `comments`.* FROM `comments`[0m
  Rendered comments/index.html.erb within layouts/application (21.3ms)
Completed 200 OK in 451ms (Views: 420.8ms | ActiveRecord: 3.1ms)


  [1m[35m (0.6ms)[0m  [1m[35mSET NAMES utf8,  @@SESSION.sql_mode = CONCAT(CONCAT(@@sql_mode, ',STRICT_ALL_TABLES'), ',NO_AUTO_VALUE_ON_ZERO'),  @@SESSION.sql_auto_is_null = 0, @@SESSION.wait_timeout = 2147483[0m
  [1m[36mComment Load (1.5ms)[0m  [1m[34mSELECT  `comments`.* FROM `comments` ORDER BY `comments`.`id` ASC LIMIT 1[0m
  [1m[36mUser Load (0.5ms)[0m  [1m[34mSELECT  `users`.* FROM `users` WHERE `users`.`id` = 1 LIMIT 1[0m
Started GET "/comments" for 127.0.0.1 at 2018-03-11 18:51:48 +0900
Processing by CommentsController#index as HTML
  Rendering comments/index.html.erb within layouts/application
  [1m[35m (0.4ms)[0m  [1m[35mSET NAMES utf8,  @@SESSION.sql_mode = CONCAT(CONCAT(@@sql_mode, ',STRICT_ALL_TABLES'), ',NO_AUTO_VALUE_ON_ZERO'),  @@SESSION.sql_auto_is_null = 0, @@SESSION.wait_timeout = 2147483[0m
  [1m[36mComment Load (0.5ms)[0m  [1m[34mSELECT `comments`.* FROM `comments`[0m
  [1m[36mUser Load (0.4ms)[0m  [1m[34mSELECT  `users`.* FROM `users` WHERE `users`.`id` = 1 LIMIT 1[0m
  [1m[36mCACHE User Load (0.0ms)[0m  [1m[34mSELECT  `users`.* FROM `users` WHERE `users`.`id` = 1 LIMIT 1[0m  [["id", 1], ["LIMIT", 1]]
  [1m[36mCACHE User Load (0.0ms)[0m  [1m[34mSELECT  `users`.* FROM `users` WHERE `users`.`id` = 1 LIMIT 1[0m  [["id", 1], ["LIMIT", 1]]
  [1m[36mCACHE User Load (0.0ms)[0m  [1m[34mSELECT  `users`.* FROM `users` WHERE `users`.`id` = 1 LIMIT 1[0m  [["id", 1], ["LIMIT", 1]]
  [1m[36mCACHE User Load (0.0ms)[0m  [1m[34mSELECT  `users`.* FROM `users` WHERE `users`.`id` = 1 LIMIT 1[0m  [["id", 1], ["LIMIT", 1]]
  [1m[36mCACHE User Load (0.0ms)[0m  [1m[34mSELECT  `users`.* FROM `users` WHERE `users`.`id` = 1 LIMIT 1[0m  [["id", 1], ["LIMIT", 1]]
  Rendered comments/index.html.erb within layouts/application (62.4ms)
Completed 200 OK in 119ms (Views: 112.5ms | ActiveRecord: 3.1ms)


Started GET "/comments" for 127.0.0.1 at 2018-03-11 18:55:21 +0900
Processing by CommentsController#index as HTML
  Rendering comments/index.html.erb within layouts/application
  [1m[36mComment Load (0.4ms)[0m  [1m[34mSELECT `comments`.* FROM `comments`[0m
  [1m[36mUser Load (0.4ms)[0m  [1m[34mSELECT  `users`.* FROM `users` WHERE `users`.`id` = 1 LIMIT 1[0m
  [1m[36mCACHE User Load (0.0ms)[0m  [1m[34mSELECT  `users`.* FROM `users` WHERE `users`.`id` = 1 LIMIT 1[0m  [["id", 1], ["LIMIT", 1]]
  [1m[36mCACHE User Load (0.0ms)[0m  [1m[34mSELECT  `users`.* FROM `users` WHERE `users`.`id` = 1 LIMIT 1[0m  [["id", 1], ["LIMIT", 1]]
  [1m[36mCACHE User Load (0.0ms)[0m  [1m[34mSELECT  `users`.* FROM `users` WHERE `users`.`id` = 1 LIMIT 1[0m  [["id", 1], ["LIMIT", 1]]
  [1m[36mCACHE User Load (0.0ms)[0m  [1m[34mSELECT  `users`.* FROM `users` WHERE `users`.`id` = 1 LIMIT 1[0m  [["id", 1], ["LIMIT", 1]]
  [1m[36mCACHE User Load (0.0ms)[0m  [1m[34mSELECT  `users`.* FROM `users` WHERE `users`.`id` = 1 LIMIT 1[0m  [["id", 1], ["LIMIT", 1]]
  Rendered comments/index.html.erb within layouts/application (8.4ms)
Completed 200 OK in 66ms (Views: 60.2ms | ActiveRecord: 0.9ms)


Started GET "/comments" for 127.0.0.1 at 2018-03-11 18:58:18 +0900
Processing by CommentsController#index as HTML
  Rendering comments/index.html.erb within layouts/application
  [1m[36mComment Load (0.3ms)[0m  [1m[34mSELECT `comments`.* FROM `comments`[0m
  [1m[36mUser Load (0.4ms)[0m  [1m[34mSELECT  `users`.* FROM `users` WHERE `users`.`id` = 1 LIMIT 1[0m
  [1m[36mCACHE User Load (0.0ms)[0m  [1m[34mSELECT  `users`.* FROM `users` WHERE `users`.`id` = 1 LIMIT 1[0m  [["id", 1], ["LIMIT", 1]]
  [1m[36mCACHE User Load (0.0ms)[0m  [1m[34mSELECT  `users`.* FROM `users` WHERE `users`.`id` = 1 LIMIT 1[0m  [["id", 1], ["LIMIT", 1]]
  [1m[36mCACHE User Load (0.0ms)[0m  [1m[34mSELECT  `users`.* FROM `users` WHERE `users`.`id` = 1 LIMIT 1[0m  [["id", 1], ["LIMIT", 1]]
  [1m[36mCACHE User Load (0.0ms)[0m  [1m[34mSELECT  `users`.* FROM `users` WHERE `users`.`id` = 1 LIMIT 1[0m  [["id", 1], ["LIMIT", 1]]
  [1m[36mCACHE User Load (0.0ms)[0m  [1m[34mSELECT  `users`.* FROM `users` WHERE `users`.`id` = 1 LIMIT 1[0m  [["id", 1], ["LIMIT", 1]]
  Rendered comments/index.html.erb within layouts/application (7.5ms)
Completed 200 OK in 66ms (Views: 61.8ms | ActiveRecord: 0.9ms)


Started GET "/comments" for 127.0.0.1 at 2018-03-11 18:58:20 +0900
Processing by CommentsController#index as HTML
  Rendering comments/index.html.erb within layouts/application
  [1m[36mComment Load (0.5ms)[0m  [1m[34mSELECT `comments`.* FROM `comments`[0m
  [1m[36mUser Load (0.4ms)[0m  [1m[34mSELECT  `users`.* FROM `users` WHERE `users`.`id` = 1 LIMIT 1[0m
  [1m[36mCACHE User Load (0.0ms)[0m  [1m[34mSELECT  `users`.* FROM `users` WHERE `users`.`id` = 1 LIMIT 1[0m  [["id", 1], ["LIMIT", 1]]
  [1m[36mCACHE User Load (0.0ms)[0m  [1m[34mSELECT  `users`.* FROM `users` WHERE `users`.`id` = 1 LIMIT 1[0m  [["id", 1], ["LIMIT", 1]]
  [1m[36mCACHE User Load (0.0ms)[0m  [1m[34mSELECT  `users`.* FROM `users` WHERE `users`.`id` = 1 LIMIT 1[0m  [["id", 1], ["LIMIT", 1]]
  [1m[36mCACHE User Load (0.0ms)[0m  [1m[34mSELECT  `users`.* FROM `users` WHERE `users`.`id` = 1 LIMIT 1[0m  [["id", 1], ["LIMIT", 1]]
  [1m[36mCACHE User Load (0.0ms)[0m  [1m[34mSELECT  `users`.* FROM `users` WHERE `users`.`id` = 1 LIMIT 1[0m  [["id", 1], ["LIMIT", 1]]
  Rendered comments/index.html.erb within layouts/application (7.5ms)
Completed 200 OK in 31ms (Views: 27.5ms | ActiveRecord: 1.0ms)


Started GET "/comments" for 127.0.0.1 at 2018-03-11 18:58:22 +0900
Processing by CommentsController#index as HTML
  Rendering comments/index.html.erb within layouts/application
  [1m[36mComment Load (1.0ms)[0m  [1m[34mSELECT `comments`.* FROM `comments`[0m
  [1m[36mUser Load (0.6ms)[0m  [1m[34mSELECT  `users`.* FROM `users` WHERE `users`.`id` = 1 LIMIT 1[0m
  [1m[36mCACHE User Load (0.0ms)[0m  [1m[34mSELECT  `users`.* FROM `users` WHERE `users`.`id` = 1 LIMIT 1[0m  [["id", 1], ["LIMIT", 1]]
  [1m[36mCACHE User Load (0.0ms)[0m  [1m[34mSELECT  `users`.* FROM `users` WHERE `users`.`id` = 1 LIMIT 1[0m  [["id", 1], ["LIMIT", 1]]
  [1m[36mCACHE User Load (0.0ms)[0m  [1m[34mSELECT  `users`.* FROM `users` WHERE `users`.`id` = 1 LIMIT 1[0m  [["id", 1], ["LIMIT", 1]]
  [1m[36mCACHE User Load (0.0ms)[0m  [1m[34mSELECT  `users`.* FROM `users` WHERE `users`.`id` = 1 LIMIT 1[0m  [["id", 1], ["LIMIT", 1]]
  [1m[36mCACHE User Load (0.0ms)[0m  [1m[34mSELECT  `users`.* FROM `users` WHERE `users`.`id` = 1 LIMIT 1[0m  [["id", 1], ["LIMIT", 1]]
  Rendered comments/index.html.erb within layouts/application (12.7ms)
Completed 200 OK in 39ms (Views: 33.3ms | ActiveRecord: 1.6ms)


Started GET "/comments" for 127.0.0.1 at 2018-03-11 18:58:43 +0900
Processing by CommentsController#index as HTML
  Rendering comments/index.html.erb within layouts/application
  [1m[36mComment Load (0.4ms)[0m  [1m[34mSELECT `comments`.* FROM `comments`[0m
  [1m[36mUser Load (0.4ms)[0m  [1m[34mSELECT  `users`.* FROM `users` WHERE `users`.`id` = 1 LIMIT 1[0m
  [1m[36mCACHE User Load (0.0ms)[0m  [1m[34mSELECT  `users`.* FROM `users` WHERE `users`.`id` = 1 LIMIT 1[0m  [["id", 1], ["LIMIT", 1]]
  [1m[36mCACHE User Load (0.0ms)[0m  [1m[34mSELECT  `users`.* FROM `users` WHERE `users`.`id` = 1 LIMIT 1[0m  [["id", 1], ["LIMIT", 1]]
  [1m[36mCACHE User Load (0.0ms)[0m  [1m[34mSELECT  `users`.* FROM `users` WHERE `users`.`id` = 1 LIMIT 1[0m  [["id", 1], ["LIMIT", 1]]
  [1m[36mCACHE User Load (0.0ms)[0m  [1m[34mSELECT  `users`.* FROM `users` WHERE `users`.`id` = 1 LIMIT 1[0m  [["id", 1], ["LIMIT", 1]]
  [1m[36mCACHE User Load (0.0ms)[0m  [1m[34mSELECT  `users`.* FROM `users` WHERE `users`.`id` = 1 LIMIT 1[0m  [["id", 1], ["LIMIT", 1]]
  Rendered comments/index.html.erb within layouts/application (6.8ms)
Completed 200 OK in 67ms (Views: 60.1ms | ActiveRecord: 0.9ms)


Started GET "/comments" for 127.0.0.1 at 2018-03-11 18:58:45 +0900
Processing by CommentsController#index as HTML
  Rendering comments/index.html.erb within layouts/application
  [1m[36mComment Load (0.5ms)[0m  [1m[34mSELECT `comments`.* FROM `comments`[0m
  [1m[36mUser Load (0.6ms)[0m  [1m[34mSELECT  `users`.* FROM `users` WHERE `users`.`id` = 1 LIMIT 1[0m
  [1m[36mCACHE User Load (0.0ms)[0m  [1m[34mSELECT  `users`.* FROM `users` WHERE `users`.`id` = 1 LIMIT 1[0m  [["id", 1], ["LIMIT", 1]]
  [1m[36mCACHE User Load (0.0ms)[0m  [1m[34mSELECT  `users`.* FROM `users` WHERE `users`.`id` = 1 LIMIT 1[0m  [["id", 1], ["LIMIT", 1]]
  [1m[36mCACHE User Load (0.0ms)[0m  [1m[34mSELECT  `users`.* FROM `users` WHERE `users`.`id` = 1 LIMIT 1[0m  [["id", 1], ["LIMIT", 1]]
  [1m[36mCACHE User Load (0.0ms)[0m  [1m[34mSELECT  `users`.* FROM `users` WHERE `users`.`id` = 1 LIMIT 1[0m  [["id", 1], ["LIMIT", 1]]
  [1m[36mCACHE User Load (0.0ms)[0m  [1m[34mSELECT  `users`.* FROM `users` WHERE `users`.`id` = 1 LIMIT 1[0m  [["id", 1], ["LIMIT", 1]]
  Rendered comments/index.html.erb within layouts/application (12.4ms)
Completed 200 OK in 36ms (Views: 31.8ms | ActiveRecord: 1.2ms)


Started GET "/comments" for 127.0.0.1 at 2018-03-11 18:59:05 +0900
Processing by CommentsController#index as HTML
  Rendering comments/index.html.erb within layouts/application
  [1m[36mComment Load (0.4ms)[0m  [1m[34mSELECT `comments`.* FROM `comments`[0m
  [1m[36mUser Load (0.4ms)[0m  [1m[34mSELECT  `users`.* FROM `users` WHERE `users`.`id` = 1 LIMIT 1[0m
  [1m[36mCACHE User Load (0.0ms)[0m  [1m[34mSELECT  `users`.* FROM `users` WHERE `users`.`id` = 1 LIMIT 1[0m  [["id", 1], ["LIMIT", 1]]
  [1m[36mCACHE User Load (0.0ms)[0m  [1m[34mSELECT  `users`.* FROM `users` WHERE `users`.`id` = 1 LIMIT 1[0m  [["id", 1], ["LIMIT", 1]]
  [1m[36mCACHE User Load (0.0ms)[0m  [1m[34mSELECT  `users`.* FROM `users` WHERE `users`.`id` = 1 LIMIT 1[0m  [["id", 1], ["LIMIT", 1]]
  [1m[36mCACHE User Load (0.0ms)[0m  [1m[34mSELECT  `users`.* FROM `users` WHERE `users`.`id` = 1 LIMIT 1[0m  [["id", 1], ["LIMIT", 1]]
  [1m[36mCACHE User Load (0.0ms)[0m  [1m[34mSELECT  `users`.* FROM `users` WHERE `users`.`id` = 1 LIMIT 1[0m  [["id", 1], ["LIMIT", 1]]
  Rendered comments/index.html.erb within layouts/application (11.8ms)
Completed 200 OK in 71ms (Views: 68.1ms | ActiveRecord: 0.9ms)


Started GET "/comments/1" for 127.0.0.1 at 2018-03-11 18:59:06 +0900
Processing by CommentsController#show as HTML
  Parameters: {"id"=>"1"}
  Rendering comments/show.html.erb within layouts/application
  Rendered comments/show.html.erb within layouts/application (9.2ms)
Completed 500 Internal Server Error in 18ms (ActiveRecord: 0.0ms)


  
ActionView::Template::Error (undefined method `content' for nil:NilClass):
    2: 
    3: <p>
    4:   <strong>Content:</strong>
    5:   <%= @comment.content %>
    6: </p>
    7: 
    8: 
  
app/views/comments/show.html.erb:5:in `_app_views_comments_show_html_erb___47243464671678690_70254243312800'
Started GET "/comments" for 127.0.0.1 at 2018-03-11 18:59:10 +0900
Processing by CommentsController#index as HTML
  Rendering comments/index.html.erb within layouts/application
  [1m[36mComment Load (0.3ms)[0m  [1m[34mSELECT `comments`.* FROM `comments`[0m
  [1m[36mUser Load (0.4ms)[0m  [1m[34mSELECT  `users`.* FROM `users` WHERE `users`.`id` = 1 LIMIT 1[0m
  [1m[36mCACHE User Load (0.0ms)[0m  [1m[34mSELECT  `users`.* FROM `users` WHERE `users`.`id` = 1 LIMIT 1[0m  [["id", 1], ["LIMIT", 1]]
  [1m[36mCACHE User Load (0.0ms)[0m  [1m[34mSELECT  `users`.* FROM `users` WHERE `users`.`id` = 1 LIMIT 1[0m  [["id", 1], ["LIMIT", 1]]
  [1m[36mCACHE User Load (0.0ms)[0m  [1m[34mSELECT  `users`.* FROM `users` WHERE `users`.`id` = 1 LIMIT 1[0m  [["id", 1], ["LIMIT", 1]]
  [1m[36mCACHE User Load (0.0ms)[0m  [1m[34mSELECT  `users`.* FROM `users` WHERE `users`.`id` = 1 LIMIT 1[0m  [["id", 1], ["LIMIT", 1]]
  [1m[36mCACHE User Load (0.0ms)[0m  [1m[34mSELECT  `users`.* FROM `users` WHERE `users`.`id` = 1 LIMIT 1[0m  [["id", 1], ["LIMIT", 1]]
  Rendered comments/index.html.erb within layouts/application (8.8ms)
Completed 200 OK in 63ms (Views: 60.3ms | ActiveRecord: 0.8ms)


Started GET "/comments/1" for 127.0.0.1 at 2018-03-11 19:00:21 +0900
Processing by CommentsController#show as HTML
  Parameters: {"id"=>"1"}
  Rendering comments/show.html.erb within layouts/application
  Rendered comments/show.html.erb within layouts/application (4.5ms)
Completed 500 Internal Server Error in 17ms (ActiveRecord: 0.0ms)


  
ActionView::Template::Error (undefined method `content' for nil:NilClass):
    2: 
    3: <p>
    4:   <strong>Content:</strong>
    5:   <%= @comment.content %>
    6: </p>
    7: 
    8: 
  
app/views/comments/show.html.erb:5:in `_app_views_comments_show_html_erb___47243464671678690_70254256234320'
Started GET "/comments" for 127.0.0.1 at 2018-03-11 19:00:47 +0900
Processing by CommentsController#index as HTML
  Rendering comments/index.html.erb within layouts/application
  [1m[36mComment Load (0.3ms)[0m  [1m[34mSELECT `comments`.* FROM `comments`[0m
  [1m[36mUser Load (0.3ms)[0m  [1m[34mSELECT  `users`.* FROM `users` WHERE `users`.`id` = 1 LIMIT 1[0m
  [1m[36mCACHE User Load (0.0ms)[0m  [1m[34mSELECT  `users`.* FROM `users` WHERE `users`.`id` = 1 LIMIT 1[0m  [["id", 1], ["LIMIT", 1]]
  [1m[36mCACHE User Load (0.0ms)[0m  [1m[34mSELECT  `users`.* FROM `users` WHERE `users`.`id` = 1 LIMIT 1[0m  [["id", 1], ["LIMIT", 1]]
  [1m[36mCACHE User Load (0.0ms)[0m  [1m[34mSELECT  `users`.* FROM `users` WHERE `users`.`id` = 1 LIMIT 1[0m  [["id", 1], ["LIMIT", 1]]
  [1m[36mCACHE User Load (0.0ms)[0m  [1m[34mSELECT  `users`.* FROM `users` WHERE `users`.`id` = 1 LIMIT 1[0m  [["id", 1], ["LIMIT", 1]]
  [1m[36mCACHE User Load (0.1ms)[0m  [1m[34mSELECT  `users`.* FROM `users` WHERE `users`.`id` = 1 LIMIT 1[0m  [["id", 1], ["LIMIT", 1]]
  Rendered comments/index.html.erb within layouts/application (8.7ms)
Completed 200 OK in 70ms (Views: 65.0ms | ActiveRecord: 0.7ms)


Started GET "/users/1" for 127.0.0.1 at 2018-03-11 19:00:50 +0900
Processing by UsersController#show as HTML
  Parameters: {"id"=>"1"}
  [1m[36mUser Load (0.4ms)[0m  [1m[34mSELECT  `users`.* FROM `users` WHERE `users`.`id` = 1 LIMIT 1[0m
  Rendering users/show.html.erb within layouts/application
  Rendered users/show.html.erb within layouts/application (1.7ms)
Completed 200 OK in 43ms (Views: 34.2ms | ActiveRecord: 0.4ms)


Started GET "/" for 127.0.0.1 at 2018-03-11 19:03:41 +0900
Processing by UsersController#index as HTML
  Rendering users/index.html.erb within layouts/application
  [1m[36mUser Load (0.5ms)[0m  [1m[34mSELECT `users`.* FROM `users`[0m
  Rendered users/index.html.erb within layouts/application (23.9ms)
Completed 200 OK in 116ms (Views: 90.3ms | ActiveRecord: 7.2ms)


Started GET "/comments" for 127.0.0.1 at 2018-03-11 19:03:52 +0900
Processing by CommentsController#index as HTML
  Rendering comments/index.html.erb within layouts/application
  [1m[36mComment Load (0.4ms)[0m  [1m[34mSELECT `comments`.* FROM `comments`[0m
  [1m[36mUser Load (0.4ms)[0m  [1m[34mSELECT  `users`.* FROM `users` WHERE `users`.`id` = 1 LIMIT 1[0m
  [1m[36mCACHE User Load (0.0ms)[0m  [1m[34mSELECT  `users`.* FROM `users` WHERE `users`.`id` = 1 LIMIT 1[0m  [["id", 1], ["LIMIT", 1]]
  [1m[36mCACHE User Load (0.0ms)[0m  [1m[34mSELECT  `users`.* FROM `users` WHERE `users`.`id` = 1 LIMIT 1[0m  [["id", 1], ["LIMIT", 1]]
  [1m[36mCACHE User Load (0.0ms)[0m  [1m[34mSELECT  `users`.* FROM `users` WHERE `users`.`id` = 1 LIMIT 1[0m  [["id", 1], ["LIMIT", 1]]
  [1m[36mCACHE User Load (0.0ms)[0m  [1m[34mSELECT  `users`.* FROM `users` WHERE `users`.`id` = 1 LIMIT 1[0m  [["id", 1], ["LIMIT", 1]]
  [1m[36mCACHE User Load (0.0ms)[0m  [1m[34mSELECT  `users`.* FROM `users` WHERE `users`.`id` = 1 LIMIT 1[0m  [["id", 1], ["LIMIT", 1]]
  Rendered comments/index.html.erb within layouts/application (14.4ms)
Completed 200 OK in 44ms (Views: 34.8ms | ActiveRecord: 1.9ms)


Started GET "/comments/1" for 127.0.0.1 at 2018-03-11 19:03:54 +0900
Processing by CommentsController#show as HTML
  Parameters: {"id"=>"1"}
  Rendering comments/show.html.erb within layouts/application
  Rendered comments/show.html.erb within layouts/application (4.0ms)
Completed 500 Internal Server Error in 16ms (ActiveRecord: 0.0ms)


  
ActionView::Template::Error (undefined method `content' for nil:NilClass):
    2: 
    3: <p>
    4:   <strong>Content:</strong>
    5:   <%= @comment.content %>
    6: </p>
    7: 
    8: 
  
app/views/comments/show.html.erb:5:in `_app_views_comments_show_html_erb___47243464671678690_70254259362100'
Started GET "/" for 127.0.0.1 at 2018-03-11 19:04:29 +0900
Processing by UsersController#index as HTML
  Rendering users/index.html.erb within layouts/application
  [1m[36mUser Load (0.4ms)[0m  [1m[34mSELECT `users`.* FROM `users`[0m
  Rendered users/index.html.erb within layouts/application (3.5ms)
Completed 200 OK in 78ms (Views: 74.4ms | ActiveRecord: 0.4ms)


Started GET "/users/1" for 127.0.0.1 at 2018-03-11 19:04:31 +0900
Processing by UsersController#show as HTML
  Parameters: {"id"=>"1"}
  [1m[36mUser Load (0.4ms)[0m  [1m[34mSELECT  `users`.* FROM `users` WHERE `users`.`id` = 1 LIMIT 1[0m
  Rendering users/show.html.erb within layouts/application
  Rendered users/show.html.erb within layouts/application (2.1ms)
Completed 200 OK in 47ms (Views: 39.0ms | ActiveRecord: 0.4ms)


Started GET "/comments" for 127.0.0.1 at 2018-03-11 19:05:20 +0900
Processing by CommentsController#index as HTML
  Rendering comments/index.html.erb within layouts/application
  [1m[36mComment Load (0.3ms)[0m  [1m[34mSELECT `comments`.* FROM `comments`[0m
  [1m[36mUser Load (0.4ms)[0m  [1m[34mSELECT  `users`.* FROM `users` WHERE `users`.`id` = 1 LIMIT 1[0m
  [1m[36mCACHE User Load (0.0ms)[0m  [1m[34mSELECT  `users`.* FROM `users` WHERE `users`.`id` = 1 LIMIT 1[0m  [["id", 1], ["LIMIT", 1]]
  [1m[36mCACHE User Load (0.0ms)[0m  [1m[34mSELECT  `users`.* FROM `users` WHERE `users`.`id` = 1 LIMIT 1[0m  [["id", 1], ["LIMIT", 1]]
  [1m[36mCACHE User Load (0.0ms)[0m  [1m[34mSELECT  `users`.* FROM `users` WHERE `users`.`id` = 1 LIMIT 1[0m  [["id", 1], ["LIMIT", 1]]
  [1m[36mCACHE User Load (0.0ms)[0m  [1m[34mSELECT  `users`.* FROM `users` WHERE `users`.`id` = 1 LIMIT 1[0m  [["id", 1], ["LIMIT", 1]]
  [1m[36mCACHE User Load (0.0ms)[0m  [1m[34mSELECT  `users`.* FROM `users` WHERE `users`.`id` = 1 LIMIT 1[0m  [["id", 1], ["LIMIT", 1]]
  Rendered comments/index.html.erb within layouts/application (32.3ms)
Completed 200 OK in 63ms (Views: 45.2ms | ActiveRecord: 5.3ms)


Started GET "/comments/1" for 127.0.0.1 at 2018-03-11 19:05:22 +0900
Processing by CommentsController#show as HTML
  Parameters: {"id"=>"1"}
Completed 500 Internal Server Error in 172ms (ActiveRecord: 0.0ms)


  
NameError (undefined local variable or method `comemnt' for #<CommentsController:0x00007fcaaf8bbb00>
Did you mean?  comment_url):
  
app/controllers/comments_controller.rb:7:in `show'
Started GET "/comments/1" for 127.0.0.1 at 2018-03-11 19:05:39 +0900
Processing by CommentsController#show as HTML
  Parameters: {"id"=>"1"}
Completed 500 Internal Server Error in 202ms (ActiveRecord: 0.0ms)


  
NameError (undefined local variable or method `comemnt' for #<CommentsController:0x00007fcab0113d98>
Did you mean?  comment_url):
  
app/controllers/comments_controller.rb:7:in `show'
Started GET "/comments" for 127.0.0.1 at 2018-03-11 19:05:43 +0900
Processing by CommentsController#index as HTML
  Rendering comments/index.html.erb within layouts/application
  [1m[36mComment Load (0.3ms)[0m  [1m[34mSELECT `comments`.* FROM `comments`[0m
  [1m[36mUser Load (0.5ms)[0m  [1m[34mSELECT  `users`.* FROM `users` WHERE `users`.`id` = 1 LIMIT 1[0m
  [1m[36mCACHE User Load (0.0ms)[0m  [1m[34mSELECT  `users`.* FROM `users` WHERE `users`.`id` = 1 LIMIT 1[0m  [["id", 1], ["LIMIT", 1]]
  [1m[36mCACHE User Load (0.0ms)[0m  [1m[34mSELECT  `users`.* FROM `users` WHERE `users`.`id` = 1 LIMIT 1[0m  [["id", 1], ["LIMIT", 1]]
  [1m[36mCACHE User Load (0.0ms)[0m  [1m[34mSELECT  `users`.* FROM `users` WHERE `users`.`id` = 1 LIMIT 1[0m  [["id", 1], ["LIMIT", 1]]
  [1m[36mCACHE User Load (0.0ms)[0m  [1m[34mSELECT  `users`.* FROM `users` WHERE `users`.`id` = 1 LIMIT 1[0m  [["id", 1], ["LIMIT", 1]]
  [1m[36mCACHE User Load (0.0ms)[0m  [1m[34mSELECT  `users`.* FROM `users` WHERE `users`.`id` = 1 LIMIT 1[0m  [["id", 1], ["LIMIT", 1]]
  Rendered comments/index.html.erb within layouts/application (24.0ms)
Completed 200 OK in 89ms (Views: 76.6ms | ActiveRecord: 0.9ms)


Started GET "/comments/1" for 127.0.0.1 at 2018-03-11 19:05:45 +0900
Processing by CommentsController#show as HTML
  Parameters: {"id"=>"1"}
Completed 500 Internal Server Error in 151ms (ActiveRecord: 0.0ms)


  
NameError (undefined local variable or method `comemnt' for #<CommentsController:0x00007fcaaffb1090>
Did you mean?  comment_url):
  
app/controllers/comments_controller.rb:7:in `show'
Started GET "/comments/1" for 127.0.0.1 at 2018-03-11 19:07:18 +0900
Processing by CommentsController#show as HTML
  Parameters: {"id"=>"1"}
Completed 500 Internal Server Error in 180ms (ActiveRecord: 0.0ms)


  
NameError (undefined local variable or method `comemnt' for #<CommentsController:0x00007fcaae6547a0>
Did you mean?  comment_url):
  
app/controllers/comments_controller.rb:7:in `show'
Started GET "/comments/1" for 127.0.0.1 at 2018-03-11 19:07:32 +0900
Processing by CommentsController#show as HTML
  Parameters: {"id"=>"1"}
Completed 500 Internal Server Error in 4ms (ActiveRecord: 0.0ms)


  
NameError (uninitialized constant CommentsController::Comemnt):
  
app/controllers/comments_controller.rb:7:in `show'
Started GET "/comments/1" for 127.0.0.1 at 2018-03-11 19:07:48 +0900
Processing by CommentsController#show as HTML
  Parameters: {"id"=>"1"}
  [1m[36mComment Load (0.4ms)[0m  [1m[34mSELECT  `comments`.* FROM `comments` WHERE `comments`.`id` = 1 LIMIT 1[0m
  Rendering comments/show.html.erb within layouts/application
  Rendered comments/show.html.erb within layouts/application (2.9ms)
Completed 500 Internal Server Error in 28ms (ActiveRecord: 4.3ms)


  
ActionView::Template::Error (undefined method `content' for nil:NilClass):
    2: 
    3: <p>
    4:   <strong>Content:</strong>
    5:   <%= @comment.content %>
    6: </p>
    7: 
    8: 
  
app/views/comments/show.html.erb:5:in `_app_views_comments_show_html_erb___47243464671678690_70254220301940'
Started GET "/comments/1" for 127.0.0.1 at 2018-03-11 19:08:37 +0900
Processing by CommentsController#show as HTML
  Parameters: {"id"=>"1"}
  [1m[36mComment Load (1.4ms)[0m  [1m[34mSELECT  `comments`.* FROM `comments` WHERE `comments`.`id` = 1 LIMIT 1[0m
  Rendering comments/show.html.erb within layouts/application
  Rendered comments/show.html.erb within layouts/application (2.1ms)
Completed 200 OK in 107ms (Views: 71.5ms | ActiveRecord: 1.4ms)


Started GET "/comments" for 127.0.0.1 at 2018-03-11 19:08:44 +0900
Processing by CommentsController#index as HTML
  Rendering comments/index.html.erb within layouts/application
  [1m[36mComment Load (0.6ms)[0m  [1m[34mSELECT `comments`.* FROM `comments`[0m
  [1m[36mUser Load (0.5ms)[0m  [1m[34mSELECT  `users`.* FROM `users` WHERE `users`.`id` = 1 LIMIT 1[0m
  [1m[36mCACHE User Load (0.0ms)[0m  [1m[34mSELECT  `users`.* FROM `users` WHERE `users`.`id` = 1 LIMIT 1[0m  [["id", 1], ["LIMIT", 1]]
  [1m[36mCACHE User Load (0.0ms)[0m  [1m[34mSELECT  `users`.* FROM `users` WHERE `users`.`id` = 1 LIMIT 1[0m  [["id", 1], ["LIMIT", 1]]
  [1m[36mCACHE User Load (0.0ms)[0m  [1m[34mSELECT  `users`.* FROM `users` WHERE `users`.`id` = 1 LIMIT 1[0m  [["id", 1], ["LIMIT", 1]]
  [1m[36mCACHE User Load (0.0ms)[0m  [1m[34mSELECT  `users`.* FROM `users` WHERE `users`.`id` = 1 LIMIT 1[0m  [["id", 1], ["LIMIT", 1]]
  [1m[36mCACHE User Load (0.0ms)[0m  [1m[34mSELECT  `users`.* FROM `users` WHERE `users`.`id` = 1 LIMIT 1[0m  [["id", 1], ["LIMIT", 1]]
  Rendered comments/index.html.erb within layouts/application (36.7ms)
Completed 200 OK in 66ms (Views: 53.5ms | ActiveRecord: 4.5ms)


